# JRE version: Java(TM) SE Runtime Environment (17.0.12+8) (build 17.0.12+8-LTS-286)
# Java VM: Java HotSpot(TM) 64-Bit Server VM (17.0.12+8-LTS-286, mixed mode, sharing, tiered, compressed oops, compressed class ptrs, g1 gc, windows-amd64)
GC Precious Log:
 CPUs: 4 total, 4 available
 Memory: 8050M
 Large Page Support: Disabled
 NUMA Support: Disabled
 Compressed Oops: Enabled (Zero based)
 Heap Region Size: 2M
 Heap Min Capacity: 8M
 Heap Initial Capacity: 126M
 Heap Max Capacity: 4G
 Pre-touch: Disabled
 Parallel Workers: 4
 Concurrent Workers: 1
 Concurrent Refinement Workers: 4
 Periodic GC: Disabled
Heap:
 garbage-first heap   total 483328K, used 392893K [0x0000000700000000, 0x0000000800000000)
  region size 2048K, 50 young (102400K), 6 survivors (12288K)
 Metaspace       used 102493K, committed 104512K, reserved 1179648K
  class space    used 14152K, committed 15040K, reserved 1048576K
GC Heap History (20 events):
Event: 35.519 GC heap after
{Heap after GC invocations=42 (full 0):
 garbage-first heap   total 241664K, used 139264K [0x0000000700000000, 0x0000000800000000)
  region size 2048K, 6 young (12288K), 6 survivors (12288K)
 Metaspace       used 84442K, committed 85568K, reserved 1179648K
  class space    used 11836K, committed 12352K, reserved 1048576K
}
Event: 36.592 GC heap before
{Heap before GC invocations=42 (full 0):
 garbage-first heap   total 241664K, used 190464K [0x0000000700000000, 0x0000000800000000)
  region size 2048K, 32 young (65536K), 6 survivors (12288K)
 Metaspace       used 84787K, committed 85952K, reserved 1179648K
  class space    used 11885K, committed 12416K, reserved 1048576K
}
Event: 36.616 GC heap after
{Heap after GC invocations=43 (full 0):
 garbage-first heap   total 241664K, used 154681K [0x0000000700000000, 0x0000000800000000)
  region size 2048K, 4 young (8192K), 4 survivors (8192K)
 Metaspace       used 84787K, committed 85952K, reserved 1179648K
  class space    used 11885K, committed 12416K, reserved 1048576K
}
Event: 37.463 GC heap before
{Heap before GC invocations=43 (full 0):
 garbage-first heap   total 241664K, used 191545K [0x0000000700000000, 0x0000000800000000)
  region size 2048K, 22 young (45056K), 4 survivors (8192K)
 Metaspace       used 85114K, committed 86272K, reserved 1179648K
  class space    used 11927K, committed 12480K, reserved 1048576K
}
Event: 37.480 GC heap after
{Heap after GC invocations=44 (full 0):
 garbage-first heap   total 241664K, used 161792K [0x0000000700000000, 0x0000000800000000)
  region size 2048K, 3 young (6144K), 3 survivors (6144K)
 Metaspace       used 85114K, committed 86272K, reserved 1179648K
  class space    used 11927K, committed 12480K, reserved 1048576K
}
Event: 38.104 GC heap before
{Heap before GC invocations=44 (full 0):
 garbage-first heap   total 241664K, used 194560K [0x0000000700000000, 0x0000000800000000)
  region size 2048K, 19 young (38912K), 3 survivors (6144K)
 Metaspace       used 85578K, committed 86912K, reserved 1179648K
  class space    used 12003K, committed 12608K, reserved 1048576K
}
Event: 38.124 GC heap after
{Heap after GC invocations=45 (full 0):
 garbage-first heap   total 483328K, used 168700K [0x0000000700000000, 0x0000000800000000)
  region size 2048K, 3 young (6144K), 3 survivors (6144K)
 Metaspace       used 85578K, committed 86912K, reserved 1179648K
  class space    used 12003K, committed 12608K, reserved 1048576K
}
Event: 42.033 GC heap before
{Heap before GC invocations=45 (full 0):
 garbage-first heap   total 483328K, used 353020K [0x0000000700000000, 0x0000000800000000)
  region size 2048K, 91 young (186368K), 3 survivors (6144K)
 Metaspace       used 87331K, committed 88896K, reserved 1179648K
  class space    used 12277K, committed 12992K, reserved 1048576K
}
Event: 42.091 GC heap after
{Heap after GC invocations=46 (full 0):
 garbage-first heap   total 483328K, used 206826K [0x0000000700000000, 0x0000000800000000)
  region size 2048K, 12 young (24576K), 12 survivors (24576K)
 Metaspace       used 87331K, committed 88896K, reserved 1179648K
  class space    used 12277K, committed 12992K, reserved 1048576K
}
Event: 44.547 GC heap before
{Heap before GC invocations=46 (full 0):
 garbage-first heap   total 483328K, used 352234K [0x0000000700000000, 0x0000000800000000)
  region size 2048K, 83 young (169984K), 12 survivors (24576K)
 Metaspace       used 93268K, committed 94848K, reserved 1179648K
  class space    used 13083K, committed 13760K, reserved 1048576K
}
Event: 44.617 GC heap after
{Heap after GC invocations=47 (full 0):
 garbage-first heap   total 483328K, used 236639K [0x0000000700000000, 0x0000000800000000)
  region size 2048K, 11 young (22528K), 11 survivors (22528K)
 Metaspace       used 93268K, committed 94848K, reserved 1179648K
  class space    used 13083K, committed 13760K, reserved 1048576K
}
Event: 46.621 GC heap before
{Heap before GC invocations=47 (full 0):
 garbage-first heap   total 483328K, used 361567K [0x0000000700000000, 0x0000000800000000)
  region size 2048K, 72 young (147456K), 11 survivors (22528K)
 Metaspace       used 95921K, committed 97728K, reserved 1179648K
  class space    used 13427K, committed 14208K, reserved 1048576K
}
Event: 46.688 GC heap after
{Heap after GC invocations=48 (full 0):
 garbage-first heap   total 483328K, used 270336K [0x0000000700000000, 0x0000000800000000)
  region size 2048K, 9 young (18432K), 9 survivors (18432K)
 Metaspace       used 95921K, committed 97728K, reserved 1179648K
  class space    used 13427K, committed 14208K, reserved 1048576K
}
Event: 88.413 GC heap before
{Heap before GC invocations=48 (full 0):
 garbage-first heap   total 483328K, used 368640K [0x0000000700000000, 0x0000000800000000)
  region size 2048K, 58 young (118784K), 9 survivors (18432K)
 Metaspace       used 98056K, committed 99968K, reserved 1179648K
  class space    used 13766K, committed 14592K, reserved 1048576K
}
Event: 88.464 GC heap after
{Heap after GC invocations=49 (full 0):
 garbage-first heap   total 483328K, used 289658K [0x0000000700000000, 0x0000000800000000)
  region size 2048K, 8 young (16384K), 8 survivors (16384K)
 Metaspace       used 98056K, committed 99968K, reserved 1179648K
  class space    used 13766K, committed 14592K, reserved 1048576K
}
Event: 92.475 GC heap before
{Heap before GC invocations=49 (full 0):
 garbage-first heap   total 483328K, used 379770K [0x0000000700000000, 0x0000000800000000)
  region size 2048K, 53 young (108544K), 8 survivors (16384K)
 Metaspace       used 100016K, committed 101952K, reserved 1179648K
  class space    used 13956K, committed 14784K, reserved 1048576K
}
Event: 92.506 GC heap after
{Heap after GC invocations=50 (full 0):
 garbage-first heap   total 483328K, used 298460K [0x0000000700000000, 0x0000000800000000)
  region size 2048K, 5 young (10240K), 5 survivors (10240K)
 Metaspace       used 100016K, committed 101952K, reserved 1179648K
  class space    used 13956K, committed 14784K, reserved 1048576K
}
Event: 102.569 GC heap before
{Heap before GC invocations=50 (full 0):
 garbage-first heap   total 483328K, used 386524K [0x0000000700000000, 0x0000000800000000)
  region size 2048K, 49 young (100352K), 5 survivors (10240K)
 Metaspace       used 101107K, committed 103040K, reserved 1179648K
  class space    used 14029K, committed 14848K, reserved 1048576K
}
Event: 102.590 GC heap after
{Heap after GC invocations=51 (full 0):
 garbage-first heap   total 483328K, used 302781K [0x0000000700000000, 0x0000000800000000)
  region size 2048K, 4 young (8192K), 4 survivors (8192K)
 Metaspace       used 101107K, committed 103040K, reserved 1179648K
  class space    used 14029K, committed 14848K, reserved 1048576K
}
Event: 106.040 GC heap before
{Heap before GC invocations=51 (full 0):
 garbage-first heap   total 483328K, used 390845K [0x0000000700000000, 0x0000000800000000)
  region size 2048K, 48 young (98304K), 4 survivors (8192K)
 Metaspace       used 102493K, committed 104512K, reserved 1179648K
  class space    used 14152K, committed 15040K, reserved 1048576K
}

