# JRE version: Java(TM) SE Runtime Environment (17.0.12+8) (build 17.0.12+8-LTS-286)
# Java VM: Java HotSpot(TM) 64-Bit Server VM (17.0.12+8-LTS-286, mixed mode, sharing, tiered, compressed oops, compressed class ptrs, g1 gc, windows-amd64)
GC Precious Log:
 CPUs: 4 total, 4 available
 Memory: 8050M
 Large Page Support: Disabled
 NUMA Support: Disabled
 Compressed Oops: Enabled (Zero based)
 Heap Region Size: 2M
 Heap Min Capacity: 8M
 Heap Initial Capacity: 126M
 Heap Max Capacity: 4G
 Pre-touch: Disabled
 Parallel Workers: 4
 Concurrent Workers: 1
 Concurrent Refinement Workers: 4
 Periodic GC: Disabled
Heap:
 garbage-first heap   total 364544K, used 169535K [0x0000000700000000, 0x0000000800000000)
  region size 2048K, 21 young (43008K), 11 survivors (22528K)
 Metaspace       used 84804K, committed 86016K, reserved 1179648K
  class space    used 11890K, committed 12416K, reserved 1048576K
GC Heap History (20 events):
Event: 21.290 GC heap before
{Heap before GC invocations=33 (full 0):
 garbage-first heap   total 151552K, used 113303K [0x0000000700000000, 0x0000000800000000)
  region size 2048K, 17 young (34816K), 2 survivors (4096K)
 Metaspace       used 68420K, committed 69120K, reserved 1114112K
  class space    used 9425K, committed 9728K, reserved 1048576K
}
Event: 21.297 GC heap after
{Heap after GC invocations=34 (full 0):
 garbage-first heap   total 151552K, used 84496K [0x0000000700000000, 0x0000000800000000)
  region size 2048K, 3 young (6144K), 3 survivors (6144K)
 Metaspace       used 68420K, committed 69120K, reserved 1114112K
  class space    used 9425K, committed 9728K, reserved 1048576K
}
Event: 22.667 GC heap before
{Heap before GC invocations=34 (full 0):
 garbage-first heap   total 151552K, used 119312K [0x0000000700000000, 0x0000000800000000)
  region size 2048K, 20 young (40960K), 3 survivors (6144K)
 Metaspace       used 71496K, committed 72192K, reserved 1114112K
  class space    used 9867K, committed 10176K, reserved 1048576K
}
Event: 22.676 GC heap after
{Heap after GC invocations=35 (full 0):
 garbage-first heap   total 182272K, used 86041K [0x0000000700000000, 0x0000000800000000)
  region size 2048K, 2 young (4096K), 2 survivors (4096K)
 Metaspace       used 71496K, committed 72192K, reserved 1114112K
  class space    used 9867K, committed 10176K, reserved 1048576K
}
Event: 23.909 GC heap before
{Heap before GC invocations=36 (full 0):
 garbage-first heap   total 182272K, used 137241K [0x0000000700000000, 0x0000000800000000)
  region size 2048K, 29 young (59392K), 2 survivors (4096K)
 Metaspace       used 72663K, committed 73408K, reserved 1114112K
  class space    used 10027K, committed 10368K, reserved 1048576K
}
Event: 23.921 GC heap after
{Heap after GC invocations=37 (full 0):
 garbage-first heap   total 182272K, used 91211K [0x0000000700000000, 0x0000000800000000)
  region size 2048K, 4 young (8192K), 4 survivors (8192K)
 Metaspace       used 72663K, committed 73408K, reserved 1114112K
  class space    used 10027K, committed 10368K, reserved 1048576K
}
Event: 24.828 GC heap before
{Heap before GC invocations=38 (full 0):
 garbage-first heap   total 182272K, used 150603K [0x0000000700000000, 0x0000000800000000)
  region size 2048K, 31 young (63488K), 4 survivors (8192K)
 Metaspace       used 73614K, committed 74432K, reserved 1114112K
  class space    used 10139K, committed 10496K, reserved 1048576K
}
Event: 24.841 GC heap after
{Heap after GC invocations=39 (full 0):
 garbage-first heap   total 182272K, used 101001K [0x0000000700000000, 0x0000000800000000)
  region size 2048K, 3 young (6144K), 3 survivors (6144K)
 Metaspace       used 73614K, committed 74432K, reserved 1114112K
  class space    used 10139K, committed 10496K, reserved 1048576K
}
Event: 24.885 GC heap before
{Heap before GC invocations=39 (full 0):
 garbage-first heap   total 182272K, used 101001K [0x0000000700000000, 0x0000000800000000)
  region size 2048K, 4 young (8192K), 3 survivors (6144K)
 Metaspace       used 73649K, committed 74432K, reserved 1114112K
  class space    used 10145K, committed 10496K, reserved 1048576K
}
Event: 24.892 GC heap after
{Heap after GC invocations=40 (full 0):
 garbage-first heap   total 182272K, used 99941K [0x0000000700000000, 0x0000000800000000)
  region size 2048K, 1 young (2048K), 1 survivors (2048K)
 Metaspace       used 73649K, committed 74432K, reserved 1114112K
  class space    used 10145K, committed 10496K, reserved 1048576K
}
Event: 26.327 GC heap before
{Heap before GC invocations=40 (full 0):
 garbage-first heap   total 182272K, used 147045K [0x0000000700000000, 0x0000000800000000)
  region size 2048K, 24 young (49152K), 1 survivors (2048K)
 Metaspace       used 78453K, committed 79232K, reserved 1179648K
  class space    used 10979K, committed 11328K, reserved 1048576K
}
Event: 26.333 GC heap after
{Heap after GC invocations=41 (full 0):
 garbage-first heap   total 182272K, used 102023K [0x0000000700000000, 0x0000000800000000)
  region size 2048K, 2 young (4096K), 2 survivors (4096K)
 Metaspace       used 78453K, committed 79232K, reserved 1179648K
  class space    used 10979K, committed 11328K, reserved 1048576K
}
Event: 27.399 GC heap before
{Heap before GC invocations=42 (full 0):
 garbage-first heap   total 182272K, used 149127K [0x0000000700000000, 0x0000000800000000)
  region size 2048K, 25 young (51200K), 2 survivors (4096K)
 Metaspace       used 80310K, committed 81024K, reserved 1179648K
  class space    used 11253K, committed 11584K, reserved 1048576K
}
Event: 27.410 GC heap after
{Heap after GC invocations=43 (full 0):
 garbage-first heap   total 182272K, used 106767K [0x0000000700000000, 0x0000000800000000)
  region size 2048K, 4 young (8192K), 4 survivors (8192K)
 Metaspace       used 80310K, committed 81024K, reserved 1179648K
  class space    used 11253K, committed 11584K, reserved 1048576K
}
Event: 27.451 GC heap before
{Heap before GC invocations=43 (full 0):
 garbage-first heap   total 182272K, used 108815K [0x0000000700000000, 0x0000000800000000)
  region size 2048K, 5 young (10240K), 4 survivors (8192K)
 Metaspace       used 80385K, committed 81152K, reserved 1179648K
  class space    used 11266K, committed 11648K, reserved 1048576K
}
Event: 27.460 GC heap after
{Heap after GC invocations=44 (full 0):
 garbage-first heap   total 182272K, used 107237K [0x0000000700000000, 0x0000000800000000)
  region size 2048K, 1 young (2048K), 1 survivors (2048K)
 Metaspace       used 80385K, committed 81152K, reserved 1179648K
  class space    used 11266K, committed 11648K, reserved 1048576K
}
Event: 28.336 GC heap before
{Heap before GC invocations=44 (full 0):
 garbage-first heap   total 182272K, used 150245K [0x0000000700000000, 0x0000000800000000)
  region size 2048K, 22 young (45056K), 1 survivors (2048K)
 Metaspace       used 82161K, committed 83008K, reserved 1179648K
  class space    used 11500K, committed 11904K, reserved 1048576K
}
Event: 28.347 GC heap after
{Heap after GC invocations=45 (full 0):
 garbage-first heap   total 364544K, used 111452K [0x0000000700000000, 0x0000000800000000)
  region size 2048K, 3 young (6144K), 3 survivors (6144K)
 Metaspace       used 82161K, committed 83008K, reserved 1179648K
  class space    used 11500K, committed 11904K, reserved 1048576K
}
Event: 33.740 GC heap before
{Heap before GC invocations=45 (full 0):
 garbage-first heap   total 364544K, used 287580K [0x0000000700000000, 0x0000000800000000)
  region size 2048K, 88 young (180224K), 3 survivors (6144K)
 Metaspace       used 84622K, committed 85824K, reserved 1179648K
  class space    used 11873K, committed 12416K, reserved 1048576K
}
Event: 33.778 GC heap after
{Heap after GC invocations=46 (full 0):
 garbage-first heap   total 364544K, used 151103K [0x0000000700000000, 0x0000000800000000)
  region size 2048K, 11 young (22528K), 11 survivors (22528K)
 Metaspace       used 84622K, committed 85824K, reserved 1179648K
  class space    used 11873K, committed 12416K, reserved 1048576K
}

