# JRE version: Java(TM) SE Runtime Environment (17.0.12+8) (build 17.0.12+8-LTS-286)
# Java VM: Java HotSpot(TM) 64-Bit Server VM (17.0.12+8-LTS-286, mixed mode, sharing, tiered, compressed oops, compressed class ptrs, g1 gc, windows-amd64)
GC Precious Log:
 CPUs: 4 total, 4 available
 Memory: 8050M
 Large Page Support: Disabled
 NUMA Support: Disabled
 Compressed Oops: Enabled (Zero based)
 Heap Region Size: 2M
 Heap Min Capacity: 8M
 Heap Initial Capacity: 126M
 Heap Max Capacity: 4G
 Pre-touch: Disabled
 Parallel Workers: 4
 Concurrent Workers: 1
 Concurrent Refinement Workers: 4
 Periodic GC: Disabled
Heap:
 garbage-first heap   total 151552K, used 93852K [0x0000000700000000, 0x0000000800000000)
  region size 2048K, 6 young (12288K), 1 survivors (2048K)
 Metaspace       used 72169K, committed 72832K, reserved 1114112K
  class space    used 9974K, committed 10304K, reserved 1048576K
GC Heap History (20 events):
Event: 18.297 GC heap before
{Heap before GC invocations=21 (full 0):
 garbage-first heap   total 112640K, used 80770K [0x0000000700000000, 0x0000000800000000)
  region size 2048K, 10 young (20480K), 2 survivors (4096K)
 Metaspace       used 54856K, committed 55424K, reserved 1114112K
  class space    used 7716K, committed 8000K, reserved 1048576K
}
Event: 18.303 GC heap after
{Heap after GC invocations=22 (full 0):
 garbage-first heap   total 112640K, used 66843K [0x0000000700000000, 0x0000000800000000)
  region size 2048K, 2 young (4096K), 2 survivors (4096K)
 Metaspace       used 54856K, committed 55424K, reserved 1114112K
  class space    used 7716K, committed 8000K, reserved 1048576K
}
Event: 18.735 GC heap before
{Heap before GC invocations=23 (full 0):
 garbage-first heap   total 122880K, used 81179K [0x0000000700000000, 0x0000000800000000)
  region size 2048K, 10 young (20480K), 2 survivors (4096K)
 Metaspace       used 55464K, committed 56064K, reserved 1114112K
  class space    used 7796K, committed 8064K, reserved 1048576K
}
Event: 18.740 GC heap after
{Heap after GC invocations=24 (full 0):
 garbage-first heap   total 122880K, used 72793K [0x0000000700000000, 0x0000000800000000)
  region size 2048K, 2 young (4096K), 2 survivors (4096K)
 Metaspace       used 55464K, committed 56064K, reserved 1114112K
  class space    used 7796K, committed 8064K, reserved 1048576K
}
Event: 19.132 GC heap before
{Heap before GC invocations=24 (full 0):
 garbage-first heap   total 122880K, used 91225K [0x0000000700000000, 0x0000000800000000)
  region size 2048K, 11 young (22528K), 2 survivors (4096K)
 Metaspace       used 57591K, committed 58240K, reserved 1114112K
  class space    used 8076K, committed 8384K, reserved 1048576K
}
Event: 19.135 GC heap after
{Heap after GC invocations=25 (full 0):
 garbage-first heap   total 122880K, used 73556K [0x0000000700000000, 0x0000000800000000)
  region size 2048K, 1 young (2048K), 1 survivors (2048K)
 Metaspace       used 57591K, committed 58240K, reserved 1114112K
  class space    used 8076K, committed 8384K, reserved 1048576K
}
Event: 19.695 GC heap before
{Heap before GC invocations=26 (full 0):
 garbage-first heap   total 133120K, used 94036K [0x0000000700000000, 0x0000000800000000)
  region size 2048K, 11 young (22528K), 1 survivors (2048K)
 Metaspace       used 60649K, committed 61376K, reserved 1114112K
  class space    used 8426K, committed 8768K, reserved 1048576K
}
Event: 19.697 GC heap after
{Heap after GC invocations=27 (full 0):
 garbage-first heap   total 133120K, used 74145K [0x0000000700000000, 0x0000000800000000)
  region size 2048K, 1 young (2048K), 1 survivors (2048K)
 Metaspace       used 60649K, committed 61376K, reserved 1114112K
  class space    used 8426K, committed 8768K, reserved 1048576K
}
Event: 20.265 GC heap before
{Heap before GC invocations=27 (full 0):
 garbage-first heap   total 133120K, used 98721K [0x0000000700000000, 0x0000000800000000)
  region size 2048K, 14 young (28672K), 1 survivors (2048K)
 Metaspace       used 63019K, committed 63680K, reserved 1114112K
  class space    used 8697K, committed 9024K, reserved 1048576K
}
Event: 20.271 GC heap after
{Heap after GC invocations=28 (full 0):
 garbage-first heap   total 133120K, used 81036K [0x0000000700000000, 0x0000000800000000)
  region size 2048K, 2 young (4096K), 2 survivors (4096K)
 Metaspace       used 63019K, committed 63680K, reserved 1114112K
  class space    used 8697K, committed 9024K, reserved 1048576K
}
Event: 21.148 GC heap before
{Heap before GC invocations=29 (full 0):
 garbage-first heap   total 143360K, used 103564K [0x0000000700000000, 0x0000000800000000)
  region size 2048K, 13 young (26624K), 2 survivors (4096K)
 Metaspace       used 64792K, committed 65472K, reserved 1114112K
  class space    used 8937K, committed 9280K, reserved 1048576K
}
Event: 21.154 GC heap after
{Heap after GC invocations=30 (full 0):
 garbage-first heap   total 143360K, used 81318K [0x0000000700000000, 0x0000000800000000)
  region size 2048K, 1 young (2048K), 1 survivors (2048K)
 Metaspace       used 64792K, committed 65472K, reserved 1114112K
  class space    used 8937K, committed 9280K, reserved 1048576K
}
Event: 21.804 GC heap before
{Heap before GC invocations=30 (full 0):
 garbage-first heap   total 143360K, used 109990K [0x0000000700000000, 0x0000000800000000)
  region size 2048K, 16 young (32768K), 1 survivors (2048K)
 Metaspace       used 67033K, committed 67712K, reserved 1114112K
  class space    used 9208K, committed 9536K, reserved 1048576K
}
Event: 21.809 GC heap after
{Heap after GC invocations=31 (full 0):
 garbage-first heap   total 143360K, used 82948K [0x0000000700000000, 0x0000000800000000)
  region size 2048K, 2 young (4096K), 2 survivors (4096K)
 Metaspace       used 67033K, committed 67712K, reserved 1114112K
  class space    used 9208K, committed 9536K, reserved 1048576K
}
Event: 23.150 GC heap before
{Heap before GC invocations=32 (full 0):
 garbage-first heap   total 151552K, used 111620K [0x0000000700000000, 0x0000000800000000)
  region size 2048K, 16 young (32768K), 2 survivors (4096K)
 Metaspace       used 68823K, committed 69504K, reserved 1114112K
  class space    used 9508K, committed 9792K, reserved 1048576K
}
Event: 23.156 GC heap after
{Heap after GC invocations=33 (full 0):
 garbage-first heap   total 151552K, used 85017K [0x0000000700000000, 0x0000000800000000)
  region size 2048K, 2 young (4096K), 2 survivors (4096K)
 Metaspace       used 68823K, committed 69504K, reserved 1114112K
  class space    used 9508K, committed 9792K, reserved 1048576K
}
Event: 23.211 GC heap before
{Heap before GC invocations=33 (full 0):
 garbage-first heap   total 151552K, used 87065K [0x0000000700000000, 0x0000000800000000)
  region size 2048K, 3 young (6144K), 2 survivors (4096K)
 Metaspace       used 69045K, committed 69760K, reserved 1114112K
  class space    used 9532K, committed 9856K, reserved 1048576K
}
Event: 23.215 GC heap after
{Heap after GC invocations=34 (full 0):
 garbage-first heap   total 151552K, used 84446K [0x0000000700000000, 0x0000000800000000)
  region size 2048K, 1 young (2048K), 1 survivors (2048K)
 Metaspace       used 69045K, committed 69760K, reserved 1114112K
  class space    used 9532K, committed 9856K, reserved 1048576K
}
Event: 24.442 GC heap before
{Heap before GC invocations=34 (full 0):
 garbage-first heap   total 151552K, used 119262K [0x0000000700000000, 0x0000000800000000)
  region size 2048K, 18 young (36864K), 1 survivors (2048K)
 Metaspace       used 72051K, committed 72768K, reserved 1114112K
  class space    used 9951K, committed 10304K, reserved 1048576K
}
Event: 24.445 GC heap after
{Heap after GC invocations=35 (full 0):
 garbage-first heap   total 151552K, used 85660K [0x0000000700000000, 0x0000000800000000)
  region size 2048K, 1 young (2048K), 1 survivors (2048K)
 Metaspace       used 72051K, committed 72768K, reserved 1114112K
  class space    used 9951K, committed 10304K, reserved 1048576K
}

