# JRE version: Java(TM) SE Runtime Environment (17.0.12+8) (build 17.0.12+8-LTS-286)
# Java VM: Java HotSpot(TM) 64-Bit Server VM (17.0.12+8-LTS-286, mixed mode, sharing, tiered, compressed oops, compressed class ptrs, g1 gc, windows-amd64)
GC Precious Log:
 CPUs: 4 total, 4 available
 Memory: 8050M
 Large Page Support: Disabled
 NUMA Support: Disabled
 Compressed Oops: Enabled (Zero based)
 Heap Region Size: 2M
 Heap Min Capacity: 8M
 Heap Initial Capacity: 126M
 Heap Max Capacity: 4G
 Pre-touch: Disabled
 Parallel Workers: 4
 Concurrent Workers: 1
 Concurrent Refinement Workers: 4
 Periodic GC: Disabled
Heap:
 garbage-first heap   total 419840K, used 132214K [0x0000000700000000, 0x0000000800000000)
  region size 2048K, 5 young (10240K), 4 survivors (8192K)
 Metaspace       used 84744K, committed 85824K, reserved 1179648K
  class space    used 11913K, committed 12416K, reserved 1048576K
GC Heap History (20 events):
Event: 28.407 GC heap before
{Heap before GC invocations=33 (full 0):
 garbage-first heap   total 151552K, used 109082K [0x0000000700000000, 0x0000000800000000)
  region size 2048K, 14 young (28672K), 2 survivors (4096K)
 Metaspace       used 71489K, committed 72192K, reserved 1114112K
  class space    used 9851K, committed 10176K, reserved 1048576K
}
Event: 28.414 GC heap after
{Heap after GC invocations=34 (full 0):
 garbage-first heap   total 151552K, used 85267K [0x0000000700000000, 0x0000000800000000)
  region size 2048K, 2 young (4096K), 2 survivors (4096K)
 Metaspace       used 71489K, committed 72192K, reserved 1114112K
  class space    used 9851K, committed 10176K, reserved 1048576K
}
Event: 29.348 GC heap before
{Heap before GC invocations=34 (full 0):
 garbage-first heap   total 151552K, used 118035K [0x0000000700000000, 0x0000000800000000)
  region size 2048K, 19 young (38912K), 2 survivors (4096K)
 Metaspace       used 73306K, committed 74048K, reserved 1114112K
  class space    used 10139K, committed 10496K, reserved 1048576K
}
Event: 29.356 GC heap after
{Heap after GC invocations=35 (full 0):
 garbage-first heap   total 151552K, used 88083K [0x0000000700000000, 0x0000000800000000)
  region size 2048K, 3 young (6144K), 3 survivors (6144K)
 Metaspace       used 73306K, committed 74048K, reserved 1114112K
  class space    used 10139K, committed 10496K, reserved 1048576K
}
Event: 30.144 GC heap before
{Heap before GC invocations=36 (full 0):
 garbage-first heap   total 182272K, used 116755K [0x0000000700000000, 0x0000000800000000)
  region size 2048K, 18 young (36864K), 3 survivors (6144K)
 Metaspace       used 73663K, committed 74368K, reserved 1114112K
  class space    used 10165K, committed 10496K, reserved 1048576K
}
Event: 30.160 GC heap after
{Heap after GC invocations=37 (full 0):
 garbage-first heap   total 182272K, used 89818K [0x0000000700000000, 0x0000000800000000)
  region size 2048K, 3 young (6144K), 3 survivors (6144K)
 Metaspace       used 73663K, committed 74368K, reserved 1114112K
  class space    used 10165K, committed 10496K, reserved 1048576K
}
Event: 30.239 GC heap before
{Heap before GC invocations=37 (full 0):
 garbage-first heap   total 182272K, used 91866K [0x0000000700000000, 0x0000000800000000)
  region size 2048K, 5 young (10240K), 3 survivors (6144K)
 Metaspace       used 73663K, committed 74368K, reserved 1114112K
  class space    used 10165K, committed 10496K, reserved 1048576K
}
Event: 30.249 GC heap after
{Heap after GC invocations=38 (full 0):
 garbage-first heap   total 219136K, used 92160K [0x0000000700000000, 0x0000000800000000)
  region size 2048K, 2 young (4096K), 2 survivors (4096K)
 Metaspace       used 73663K, committed 74368K, reserved 1114112K
  class space    used 10165K, committed 10496K, reserved 1048576K
}
Event: 31.653 GC heap before
{Heap before GC invocations=38 (full 0):
 garbage-first heap   total 219136K, used 151552K [0x0000000700000000, 0x0000000800000000)
  region size 2048K, 29 young (59392K), 2 survivors (4096K)
 Metaspace       used 74582K, committed 75392K, reserved 1114112K
  class space    used 10275K, committed 10688K, reserved 1048576K
}
Event: 31.668 GC heap after
{Heap after GC invocations=39 (full 0):
 garbage-first heap   total 219136K, used 100039K [0x0000000700000000, 0x0000000800000000)
  region size 2048K, 4 young (8192K), 4 survivors (8192K)
 Metaspace       used 74582K, committed 75392K, reserved 1114112K
  class space    used 10275K, committed 10688K, reserved 1048576K
}
Event: 32.933 GC heap before
{Heap before GC invocations=39 (full 0):
 garbage-first heap   total 219136K, used 155335K [0x0000000700000000, 0x0000000800000000)
  region size 2048K, 31 young (63488K), 4 survivors (8192K)
 Metaspace       used 79822K, committed 80704K, reserved 1179648K
  class space    used 11173K, committed 11584K, reserved 1048576K
}
Event: 32.945 GC heap after
{Heap after GC invocations=40 (full 0):
 garbage-first heap   total 219136K, used 103022K [0x0000000700000000, 0x0000000800000000)
  region size 2048K, 2 young (4096K), 2 survivors (4096K)
 Metaspace       used 79822K, committed 80704K, reserved 1179648K
  class space    used 11173K, committed 11584K, reserved 1048576K
}
Event: 34.043 GC heap before
{Heap before GC invocations=40 (full 0):
 garbage-first heap   total 219136K, used 160366K [0x0000000700000000, 0x0000000800000000)
  region size 2048K, 30 young (61440K), 2 survivors (4096K)
 Metaspace       used 81752K, committed 82624K, reserved 1179648K
  class space    used 11462K, committed 11840K, reserved 1048576K
}
Event: 34.058 GC heap after
{Heap after GC invocations=41 (full 0):
 garbage-first heap   total 219136K, used 109568K [0x0000000700000000, 0x0000000800000000)
  region size 2048K, 4 young (8192K), 4 survivors (8192K)
 Metaspace       used 81752K, committed 82624K, reserved 1179648K
  class space    used 11462K, committed 11840K, reserved 1048576K
}
Event: 36.293 GC heap before
{Heap before GC invocations=42 (full 0):
 garbage-first heap   total 219136K, used 164864K [0x0000000700000000, 0x0000000800000000)
  region size 2048K, 31 young (63488K), 4 survivors (8192K)
 Metaspace       used 84040K, committed 84992K, reserved 1179648K
  class space    used 11823K, committed 12288K, reserved 1048576K
}
Event: 36.314 GC heap after
{Heap after GC invocations=43 (full 0):
 garbage-first heap   total 219136K, used 116872K [0x0000000700000000, 0x0000000800000000)
  region size 2048K, 4 young (8192K), 4 survivors (8192K)
 Metaspace       used 84040K, committed 84992K, reserved 1179648K
  class space    used 11823K, committed 12288K, reserved 1048576K
}
Event: 36.370 GC heap before
{Heap before GC invocations=43 (full 0):
 garbage-first heap   total 219136K, used 118920K [0x0000000700000000, 0x0000000800000000)
  region size 2048K, 5 young (10240K), 4 survivors (8192K)
 Metaspace       used 84063K, committed 84992K, reserved 1179648K
  class space    used 11823K, committed 12288K, reserved 1048576K
}
Event: 36.383 GC heap after
{Heap after GC invocations=44 (full 0):
 garbage-first heap   total 219136K, used 117719K [0x0000000700000000, 0x0000000800000000)
  region size 2048K, 1 young (2048K), 1 survivors (2048K)
 Metaspace       used 84063K, committed 84992K, reserved 1179648K
  class space    used 11823K, committed 12288K, reserved 1048576K
}
Event: 37.653 GC heap before
{Heap before GC invocations=44 (full 0):
 garbage-first heap   total 219136K, used 168919K [0x0000000700000000, 0x0000000800000000)
  region size 2048K, 26 young (53248K), 1 survivors (2048K)
 Metaspace       used 84744K, committed 85824K, reserved 1179648K
  class space    used 11913K, committed 12416K, reserved 1048576K
}
Event: 37.673 GC heap after
{Heap after GC invocations=45 (full 0):
 garbage-first heap   total 419840K, used 126070K [0x0000000700000000, 0x0000000800000000)
  region size 2048K, 4 young (8192K), 4 survivors (8192K)
 Metaspace       used 84744K, committed 85824K, reserved 1179648K
  class space    used 11913K, committed 12416K, reserved 1048576K
}

