# JRE version: Java(TM) SE Runtime Environment (17.0.12+8) (build 17.0.12+8-LTS-286)
# Java VM: Java HotSpot(TM) 64-Bit Server VM (17.0.12+8-LTS-286, mixed mode, sharing, tiered, compressed oops, compressed class ptrs, g1 gc, windows-amd64)
GC Precious Log:
 CPUs: 4 total, 4 available
 Memory: 8050M
 Large Page Support: Disabled
 NUMA Support: Disabled
 Compressed Oops: Enabled (Zero based)
 Heap Region Size: 2M
 Heap Min Capacity: 8M
 Heap Initial Capacity: 126M
 Heap Max Capacity: 4G
 Pre-touch: Disabled
 Parallel Workers: 4
 Concurrent Workers: 1
 Concurrent Refinement Workers: 4
 Periodic GC: Disabled
Heap:
 garbage-first heap   total 335872K, used 262962K [0x0000000700000000, 0x0000000800000000)
  region size 2048K, 37 young (75776K), 5 survivors (10240K)
 Metaspace       used 92094K, committed 93568K, reserved 1179648K
  class space    used 12919K, committed 13568K, reserved 1048576K
GC Heap History (20 events):
Event: 37.074 GC heap after
{Heap after GC invocations=46 (full 0):
 garbage-first heap   total 178176K, used 119939K [0x0000000700000000, 0x0000000800000000)
  region size 2048K, 3 young (6144K), 3 survivors (6144K)
 Metaspace       used 83312K, committed 84352K, reserved 1179648K
  class space    used 11719K, committed 12224K, reserved 1048576K
}
Event: 37.963 GC heap before
{Heap before GC invocations=46 (full 0):
 garbage-first heap   total 178176K, used 144515K [0x0000000700000000, 0x0000000800000000)
  region size 2048K, 16 young (32768K), 3 survivors (6144K)
 Metaspace       used 83690K, committed 84800K, reserved 1179648K
  class space    used 11769K, committed 12288K, reserved 1048576K
}
Event: 37.977 GC heap after
{Heap after GC invocations=47 (full 0):
 garbage-first heap   total 215040K, used 125872K [0x0000000700000000, 0x0000000800000000)
  region size 2048K, 2 young (4096K), 2 survivors (4096K)
 Metaspace       used 83690K, committed 84800K, reserved 1179648K
  class space    used 11769K, committed 12288K, reserved 1048576K
}
Event: 39.447 GC heap before
{Heap before GC invocations=48 (full 0):
 garbage-first heap   total 219136K, used 172976K [0x0000000700000000, 0x0000000800000000)
  region size 2048K, 24 young (49152K), 2 survivors (4096K)
 Metaspace       used 84129K, committed 85248K, reserved 1179648K
  class space    used 11818K, committed 12352K, reserved 1048576K
}
Event: 39.466 GC heap after
{Heap after GC invocations=49 (full 0):
 garbage-first heap   total 219136K, used 143325K [0x0000000700000000, 0x0000000800000000)
  region size 2048K, 3 young (6144K), 3 survivors (6144K)
 Metaspace       used 84129K, committed 85248K, reserved 1179648K
  class space    used 11818K, committed 12352K, reserved 1048576K
}
Event: 39.516 GC heap before
{Heap before GC invocations=49 (full 0):
 garbage-first heap   total 219136K, used 147421K [0x0000000700000000, 0x0000000800000000)
  region size 2048K, 5 young (10240K), 3 survivors (6144K)
 Metaspace       used 84134K, committed 85248K, reserved 1179648K
  class space    used 11818K, committed 12352K, reserved 1048576K
}
Event: 39.525 GC heap after
{Heap after GC invocations=50 (full 0):
 garbage-first heap   total 219136K, used 145236K [0x0000000700000000, 0x0000000800000000)
  region size 2048K, 1 young (2048K), 1 survivors (2048K)
 Metaspace       used 84134K, committed 85248K, reserved 1179648K
  class space    used 11818K, committed 12352K, reserved 1048576K
}
Event: 40.273 GC heap before
{Heap before GC invocations=50 (full 0):
 garbage-first heap   total 219136K, used 171860K [0x0000000700000000, 0x0000000800000000)
  region size 2048K, 15 young (30720K), 1 survivors (2048K)
 Metaspace       used 84352K, committed 85440K, reserved 1179648K
  class space    used 11853K, committed 12352K, reserved 1048576K
}
Event: 40.280 GC heap after
{Heap after GC invocations=51 (full 0):
 garbage-first heap   total 219136K, used 152743K [0x0000000700000000, 0x0000000800000000)
  region size 2048K, 2 young (4096K), 2 survivors (4096K)
 Metaspace       used 84352K, committed 85440K, reserved 1179648K
  class space    used 11853K, committed 12352K, reserved 1048576K
}
Event: 40.920 GC heap before
{Heap before GC invocations=51 (full 0):
 garbage-first heap   total 219136K, used 177319K [0x0000000700000000, 0x0000000800000000)
  region size 2048K, 14 young (28672K), 2 survivors (4096K)
 Metaspace       used 84615K, committed 85824K, reserved 1179648K
  class space    used 11885K, committed 12416K, reserved 1048576K
}
Event: 40.931 GC heap after
{Heap after GC invocations=52 (full 0):
 garbage-first heap   total 219136K, used 158078K [0x0000000700000000, 0x0000000800000000)
  region size 2048K, 2 young (4096K), 2 survivors (4096K)
 Metaspace       used 84615K, committed 85824K, reserved 1179648K
  class space    used 11885K, committed 12416K, reserved 1048576K
}
Event: 41.641 GC heap before
{Heap before GC invocations=52 (full 0):
 garbage-first heap   total 219136K, used 178558K [0x0000000700000000, 0x0000000800000000)
  region size 2048K, 12 young (24576K), 2 survivors (4096K)
 Metaspace       used 84800K, committed 86016K, reserved 1179648K
  class space    used 11903K, committed 12416K, reserved 1048576K
}
Event: 41.653 GC heap after
{Heap after GC invocations=53 (full 0):
 garbage-first heap   total 219136K, used 161851K [0x0000000700000000, 0x0000000800000000)
  region size 2048K, 2 young (4096K), 2 survivors (4096K)
 Metaspace       used 84800K, committed 86016K, reserved 1179648K
  class space    used 11903K, committed 12416K, reserved 1048576K
}
Event: 42.326 GC heap before
{Heap before GC invocations=53 (full 0):
 garbage-first heap   total 219136K, used 180283K [0x0000000700000000, 0x0000000800000000)
  region size 2048K, 11 young (22528K), 2 survivors (4096K)
 Metaspace       used 84938K, committed 86208K, reserved 1179648K
  class space    used 11922K, committed 12480K, reserved 1048576K
}
Event: 42.336 GC heap after
{Heap after GC invocations=54 (full 0):
 garbage-first heap   total 335872K, used 165524K [0x0000000700000000, 0x0000000800000000)
  region size 2048K, 2 young (4096K), 2 survivors (4096K)
 Metaspace       used 84938K, committed 86208K, reserved 1179648K
  class space    used 11922K, committed 12480K, reserved 1048576K
}
Event: 44.886 GC heap before
{Heap before GC invocations=54 (full 0):
 garbage-first heap   total 335872K, used 257684K [0x0000000700000000, 0x0000000800000000)
  region size 2048K, 47 young (96256K), 2 survivors (4096K)
 Metaspace       used 85987K, committed 87424K, reserved 1179648K
  class space    used 12081K, committed 12736K, reserved 1048576K
}
Event: 44.914 GC heap after
{Heap after GC invocations=55 (full 0):
 garbage-first heap   total 335872K, used 180556K [0x0000000700000000, 0x0000000800000000)
  region size 2048K, 6 young (12288K), 6 survivors (12288K)
 Metaspace       used 85987K, committed 87424K, reserved 1179648K
  class space    used 12081K, committed 12736K, reserved 1048576K
}
Event: 46.558 GC heap before
{Heap before GC invocations=55 (full 0):
 garbage-first heap   total 335872K, used 254284K [0x0000000700000000, 0x0000000800000000)
  region size 2048K, 43 young (88064K), 6 survivors (12288K)
 Metaspace       used 86495K, committed 88000K, reserved 1179648K
  class space    used 12144K, committed 12800K, reserved 1048576K
}
Event: 46.606 GC heap after
{Heap after GC invocations=56 (full 0):
 garbage-first heap   total 335872K, used 197426K [0x0000000700000000, 0x0000000800000000)
  region size 2048K, 6 young (12288K), 6 survivors (12288K)
 Metaspace       used 86495K, committed 88000K, reserved 1179648K
  class space    used 12144K, committed 12800K, reserved 1048576K
}
Event: 48.404 GC heap before
{Heap before GC invocations=56 (full 0):
 garbage-first heap   total 335872K, used 262962K [0x0000000700000000, 0x0000000800000000)
  region size 2048K, 38 young (77824K), 6 survivors (12288K)
 Metaspace       used 92094K, committed 93568K, reserved 1179648K
  class space    used 12919K, committed 13568K, reserved 1048576K
}

