# JRE version: Java(TM) SE Runtime Environment (17.0.12+8) (build 17.0.12+8-LTS-286)
# Java VM: Java HotSpot(TM) 64-Bit Server VM (17.0.12+8-LTS-286, mixed mode, sharing, tiered, compressed oops, compressed class ptrs, g1 gc, windows-amd64)
GC Precious Log:
 CPUs: 4 total, 4 available
 Memory: 8050M
 Large Page Support: Disabled
 NUMA Support: Disabled
 Compressed Oops: Enabled (Zero based)
 Heap Region Size: 2M
 Heap Min Capacity: 8M
 Heap Initial Capacity: 126M
 Heap Max Capacity: 4G
 Pre-touch: Disabled
 Parallel Workers: 4
 Concurrent Workers: 1
 Concurrent Refinement Workers: 4
 Periodic GC: Disabled
Heap:
 garbage-first heap   total 548864K, used 473748K [0x0000000700000000, 0x0000000800000000)
  region size 2048K, 11 young (22528K), 3 survivors (6144K)
 Metaspace       used 100226K, committed 102080K, reserved 1179648K
  class space    used 13923K, committed 14784K, reserved 1048576K
GC Heap History (20 events):
Event: 27.403 GC heap before
{Heap before GC invocations=40 (full 0):
 garbage-first heap   total 274432K, used 182272K [0x0000000700000000, 0x0000000800000000)
  region size 2048K, 19 young (38912K), 3 survivors (6144K)
 Metaspace       used 84888K, committed 86080K, reserved 1179648K
  class space    used 11914K, committed 12480K, reserved 1048576K
}
Event: 27.418 GC heap after
{Heap after GC invocations=41 (full 0):
 garbage-first heap   total 274432K, used 157051K [0x0000000700000000, 0x0000000800000000)
  region size 2048K, 3 young (6144K), 3 survivors (6144K)
 Metaspace       used 84888K, committed 86080K, reserved 1179648K
  class space    used 11914K, committed 12480K, reserved 1048576K
}
Event: 27.536 GC heap before
{Heap before GC invocations=41 (full 0):
 garbage-first heap   total 274432K, used 163195K [0x0000000700000000, 0x0000000800000000)
  region size 2048K, 6 young (12288K), 3 survivors (6144K)
 Metaspace       used 84921K, committed 86144K, reserved 1179648K
  class space    used 11919K, committed 12480K, reserved 1048576K
}
Event: 27.548 GC heap after
{Heap after GC invocations=42 (full 0):
 garbage-first heap   total 548864K, used 159425K [0x0000000700000000, 0x0000000800000000)
  region size 2048K, 1 young (2048K), 1 survivors (2048K)
 Metaspace       used 84921K, committed 86144K, reserved 1179648K
  class space    used 11919K, committed 12480K, reserved 1048576K
}
Event: 31.246 GC heap before
{Heap before GC invocations=42 (full 0):
 garbage-first heap   total 548864K, used 388801K [0x0000000700000000, 0x0000000800000000)
  region size 2048K, 113 young (231424K), 1 survivors (2048K)
 Metaspace       used 88717K, committed 90176K, reserved 1179648K
  class space    used 12484K, committed 13120K, reserved 1048576K
}
Event: 31.301 GC heap after
{Heap after GC invocations=43 (full 0):
 garbage-first heap   total 548864K, used 199763K [0x0000000700000000, 0x0000000800000000)
  region size 2048K, 15 young (30720K), 15 survivors (30720K)
 Metaspace       used 88717K, committed 90176K, reserved 1179648K
  class space    used 12484K, committed 13120K, reserved 1048576K
}
Event: 34.752 GC heap before
{Heap before GC invocations=43 (full 0):
 garbage-first heap   total 548864K, used 382035K [0x0000000700000000, 0x0000000800000000)
  region size 2048K, 105 young (215040K), 15 survivors (30720K)
 Metaspace       used 95130K, committed 96704K, reserved 1179648K
  class space    used 13331K, committed 14016K, reserved 1048576K
}
Event: 34.859 GC heap after
{Heap after GC invocations=44 (full 0):
 garbage-first heap   total 548864K, used 234466K [0x0000000700000000, 0x0000000800000000)
  region size 2048K, 14 young (28672K), 14 survivors (28672K)
 Metaspace       used 95130K, committed 96704K, reserved 1179648K
  class space    used 13331K, committed 14016K, reserved 1048576K
}
Event: 68.456 GC heap before
{Heap before GC invocations=44 (full 0):
 garbage-first heap   total 548864K, used 394210K [0x0000000700000000, 0x0000000800000000)
  region size 2048K, 93 young (190464K), 14 survivors (28672K)
 Metaspace       used 97008K, committed 98752K, reserved 1179648K
  class space    used 13659K, committed 14464K, reserved 1048576K
}
Event: 68.514 GC heap after
{Heap after GC invocations=45 (full 0):
 garbage-first heap   total 548864K, used 253952K [0x0000000700000000, 0x0000000800000000)
  region size 2048K, 9 young (18432K), 9 survivors (18432K)
 Metaspace       used 97008K, committed 98752K, reserved 1179648K
  class space    used 13659K, committed 14464K, reserved 1048576K
}
Event: 75.730 GC heap before
{Heap before GC invocations=45 (full 0):
 garbage-first heap   total 548864K, used 411648K [0x0000000700000000, 0x0000000800000000)
  region size 2048K, 87 young (178176K), 9 survivors (18432K)
 Metaspace       used 99057K, committed 100864K, reserved 1179648K
  class space    used 13815K, committed 14656K, reserved 1048576K
}
Event: 75.763 GC heap after
{Heap after GC invocations=46 (full 0):
 garbage-first heap   total 548864K, used 264005K [0x0000000700000000, 0x0000000800000000)
  region size 2048K, 7 young (14336K), 7 survivors (14336K)
 Metaspace       used 99057K, committed 100864K, reserved 1179648K
  class space    used 13815K, committed 14656K, reserved 1048576K
}
Event: 77.729 GC heap before
{Heap before GC invocations=46 (full 0):
 garbage-first heap   total 548864K, used 425797K [0x0000000700000000, 0x0000000800000000)
  region size 2048K, 87 young (178176K), 7 survivors (14336K)
 Metaspace       used 99445K, committed 101312K, reserved 1179648K
  class space    used 13833K, committed 14656K, reserved 1048576K
}
Event: 77.768 GC heap after
{Heap after GC invocations=47 (full 0):
 garbage-first heap   total 548864K, used 282601K [0x0000000700000000, 0x0000000800000000)
  region size 2048K, 11 young (22528K), 11 survivors (22528K)
 Metaspace       used 99445K, committed 101312K, reserved 1179648K
  class space    used 13833K, committed 14656K, reserved 1048576K
}
Event: 79.909 GC heap before
{Heap before GC invocations=47 (full 0):
 garbage-first heap   total 548864K, used 434153K [0x0000000700000000, 0x0000000800000000)
  region size 2048K, 85 young (174080K), 11 survivors (22528K)
 Metaspace       used 99907K, committed 101888K, reserved 1179648K
  class space    used 13888K, committed 14784K, reserved 1048576K
}
Event: 79.952 GC heap after
{Heap after GC invocations=48 (full 0):
 garbage-first heap   total 548864K, used 298861K [0x0000000700000000, 0x0000000800000000)
  region size 2048K, 9 young (18432K), 9 survivors (18432K)
 Metaspace       used 99907K, committed 101888K, reserved 1179648K
  class space    used 13888K, committed 14784K, reserved 1048576K
}
Event: 80.425 GC heap before
{Heap before GC invocations=48 (full 0):
 garbage-first heap   total 548864K, used 327533K [0x0000000700000000, 0x0000000800000000)
  region size 2048K, 24 young (49152K), 9 survivors (18432K)
 Metaspace       used 100132K, committed 102016K, reserved 1179648K
  class space    used 13919K, committed 14784K, reserved 1048576K
}
Event: 80.449 GC heap after
{Heap after GC invocations=49 (full 0):
 garbage-first heap   total 548864K, used 301892K [0x0000000700000000, 0x0000000800000000)
  region size 2048K, 3 young (6144K), 3 survivors (6144K)
 Metaspace       used 100132K, committed 102016K, reserved 1179648K
  class space    used 13919K, committed 14784K, reserved 1048576K
}
Event: 80.726 GC heap before
{Heap before GC invocations=49 (full 0):
 garbage-first heap   total 548864K, used 385860K [0x0000000700000000, 0x0000000800000000)
  region size 2048K, 6 young (12288K), 3 survivors (6144K)
 Metaspace       used 100199K, committed 102080K, reserved 1179648K
  class space    used 13922K, committed 14784K, reserved 1048576K
}
Event: 80.742 GC heap after
{Heap after GC invocations=50 (full 0):
 garbage-first heap   total 548864K, used 381588K [0x0000000700000000, 0x0000000800000000)
  region size 2048K, 3 young (6144K), 3 survivors (6144K)
 Metaspace       used 100199K, committed 102080K, reserved 1179648K
  class space    used 13922K, committed 14784K, reserved 1048576K
}

