# JRE version: Java(TM) SE Runtime Environment (17.0.12+8) (build 17.0.12+8-LTS-286)
# Java VM: Java HotSpot(TM) 64-Bit Server VM (17.0.12+8-LTS-286, mixed mode, sharing, tiered, compressed oops, compressed class ptrs, g1 gc, windows-amd64)
GC Precious Log:
 CPUs: 4 total, 4 available
 Memory: 8050M
 Large Page Support: Disabled
 NUMA Support: Disabled
 Compressed Oops: Enabled (Zero based)
 Heap Region Size: 2M
 Heap Min Capacity: 8M
 Heap Initial Capacity: 126M
 Heap Max Capacity: 4G
 Pre-touch: Disabled
 Parallel Workers: 4
 Concurrent Workers: 1
 Concurrent Refinement Workers: 4
 Periodic GC: Disabled
Heap:
 garbage-first heap   total 479232K, used 418569K [0x0000000700000000, 0x0000000800000000)
  region size 2048K, 11 young (22528K), 2 survivors (4096K)
 Metaspace       used 122764K, committed 124736K, reserved 1179648K
  class space    used 16173K, committed 17024K, reserved 1048576K
GC Heap History (20 events):
Event: 134.655 GC heap after
{Heap after GC invocations=63 (full 0):
 garbage-first heap   total 479232K, used 346762K [0x0000000700000000, 0x0000000800000000)
  region size 2048K, 5 young (10240K), 5 survivors (10240K)
 Metaspace       used 111026K, committed 112960K, reserved 1179648K
  class space    used 14850K, committed 15744K, reserved 1048576K
}
Event: 136.340 GC heap before
{Heap before GC invocations=63 (full 0):
 garbage-first heap   total 479232K, used 404106K [0x0000000700000000, 0x0000000800000000)
  region size 2048K, 34 young (69632K), 5 survivors (10240K)
 Metaspace       used 111135K, committed 113152K, reserved 1179648K
  class space    used 14852K, committed 15744K, reserved 1048576K
}
Event: 136.358 GC heap after
{Heap after GC invocations=64 (full 0):
 garbage-first heap   total 479232K, used 354027K [0x0000000700000000, 0x0000000800000000)
  region size 2048K, 4 young (8192K), 4 survivors (8192K)
 Metaspace       used 111135K, committed 113152K, reserved 1179648K
  class space    used 14852K, committed 15744K, reserved 1048576K
}
Event: 138.168 GC heap before
{Heap before GC invocations=64 (full 0):
 garbage-first heap   total 479232K, used 409323K [0x0000000700000000, 0x0000000800000000)
  region size 2048K, 31 young (63488K), 4 survivors (8192K)
 Metaspace       used 111325K, committed 113280K, reserved 1179648K
  class space    used 14868K, committed 15744K, reserved 1048576K
}
Event: 138.192 GC heap after
{Heap after GC invocations=65 (full 0):
 garbage-first heap   total 479232K, used 361283K [0x0000000700000000, 0x0000000800000000)
  region size 2048K, 4 young (8192K), 4 survivors (8192K)
 Metaspace       used 111325K, committed 113280K, reserved 1179648K
  class space    used 14868K, committed 15744K, reserved 1048576K
}
Event: 139.946 GC heap before
{Heap before GC invocations=65 (full 0):
 garbage-first heap   total 479232K, used 408387K [0x0000000700000000, 0x0000000800000000)
  region size 2048K, 28 young (57344K), 4 survivors (8192K)
 Metaspace       used 111421K, committed 113344K, reserved 1179648K
  class space    used 14871K, committed 15744K, reserved 1048576K
}
Event: 139.960 GC heap after
{Heap after GC invocations=66 (full 0):
 garbage-first heap   total 479232K, used 367641K [0x0000000700000000, 0x0000000800000000)
  region size 2048K, 4 young (8192K), 4 survivors (8192K)
 Metaspace       used 111421K, committed 113344K, reserved 1179648K
  class space    used 14871K, committed 15744K, reserved 1048576K
}
Event: 144.390 GC heap before
{Heap before GC invocations=66 (full 0):
 garbage-first heap   total 479232K, used 410649K [0x0000000700000000, 0x0000000800000000)
  region size 2048K, 25 young (51200K), 4 survivors (8192K)
 Metaspace       used 118705K, committed 120640K, reserved 1179648K
  class space    used 15768K, committed 16640K, reserved 1048576K
}
Event: 144.408 GC heap after
{Heap after GC invocations=67 (full 0):
 garbage-first heap   total 479232K, used 379522K [0x0000000700000000, 0x0000000800000000)
  region size 2048K, 4 young (8192K), 4 survivors (8192K)
 Metaspace       used 118705K, committed 120640K, reserved 1179648K
  class space    used 15768K, committed 16640K, reserved 1048576K
}
Event: 146.891 GC heap before
{Heap before GC invocations=67 (full 0):
 garbage-first heap   total 479232K, used 412290K [0x0000000700000000, 0x0000000800000000)
  region size 2048K, 20 young (40960K), 4 survivors (8192K)
 Metaspace       used 121211K, committed 123200K, reserved 1179648K
  class space    used 16016K, committed 16896K, reserved 1048576K
}
Event: 146.909 GC heap after
{Heap after GC invocations=68 (full 0):
 garbage-first heap   total 479232K, used 381630K [0x0000000700000000, 0x0000000800000000)
  region size 2048K, 3 young (6144K), 3 survivors (6144K)
 Metaspace       used 121211K, committed 123200K, reserved 1179648K
  class space    used 16016K, committed 16896K, reserved 1048576K
}
Event: 147.401 GC heap before
{Heap before GC invocations=68 (full 0):
 garbage-first heap   total 479232K, used 410302K [0x0000000700000000, 0x0000000800000000)
  region size 2048K, 18 young (36864K), 3 survivors (6144K)
 Metaspace       used 121375K, committed 123392K, reserved 1179648K
  class space    used 16043K, committed 16960K, reserved 1048576K
}
Event: 147.420 GC heap after
{Heap after GC invocations=69 (full 0):
 garbage-first heap   total 479232K, used 385702K [0x0000000700000000, 0x0000000800000000)
  region size 2048K, 2 young (4096K), 2 survivors (4096K)
 Metaspace       used 121375K, committed 123392K, reserved 1179648K
  class space    used 16043K, committed 16960K, reserved 1048576K
}
Event: 148.221 GC heap before
{Heap before GC invocations=69 (full 0):
 garbage-first heap   total 479232K, used 412326K [0x0000000700000000, 0x0000000800000000)
  region size 2048K, 16 young (32768K), 2 survivors (4096K)
 Metaspace       used 121892K, committed 123840K, reserved 1179648K
  class space    used 16095K, committed 16960K, reserved 1048576K
}
Event: 148.231 GC heap after
{Heap after GC invocations=70 (full 0):
 garbage-first heap   total 479232K, used 388753K [0x0000000700000000, 0x0000000800000000)
  region size 2048K, 2 young (4096K), 2 survivors (4096K)
 Metaspace       used 121892K, committed 123840K, reserved 1179648K
  class space    used 16095K, committed 16960K, reserved 1048576K
}
Event: 149.346 GC heap before
{Heap before GC invocations=70 (full 0):
 garbage-first heap   total 479232K, used 415377K [0x0000000700000000, 0x0000000800000000)
  region size 2048K, 15 young (30720K), 2 survivors (4096K)
 Metaspace       used 122189K, committed 124160K, reserved 1179648K
  class space    used 16131K, committed 17024K, reserved 1048576K
}
Event: 149.358 GC heap after
{Heap after GC invocations=71 (full 0):
 garbage-first heap   total 479232K, used 398060K [0x0000000700000000, 0x0000000800000000)
  region size 2048K, 2 young (4096K), 2 survivors (4096K)
 Metaspace       used 122189K, committed 124160K, reserved 1179648K
  class space    used 16131K, committed 17024K, reserved 1048576K
}
Event: 150.352 GC heap before
{Heap before GC invocations=71 (full 0):
 garbage-first heap   total 479232K, used 414444K [0x0000000700000000, 0x0000000800000000)
  region size 2048K, 11 young (22528K), 2 survivors (4096K)
 Metaspace       used 122737K, committed 124736K, reserved 1179648K
  class space    used 16173K, committed 17024K, reserved 1048576K
}
Event: 150.362 GC heap after
{Heap after GC invocations=72 (full 0):
 garbage-first heap   total 479232K, used 398089K [0x0000000700000000, 0x0000000800000000)
  region size 2048K, 2 young (4096K), 2 survivors (4096K)
 Metaspace       used 122737K, committed 124736K, reserved 1179648K
  class space    used 16173K, committed 17024K, reserved 1048576K
}
Event: 150.999 GC heap before
{Heap before GC invocations=72 (full 0):
 garbage-first heap   total 479232K, used 418569K [0x0000000700000000, 0x0000000800000000)
  region size 2048K, 11 young (22528K), 2 survivors (4096K)
 Metaspace       used 122764K, committed 124736K, reserved 1179648K
  class space    used 16173K, committed 17024K, reserved 1048576K
}

