# JRE version: OpenJDK Runtime Environment (17.0.6) (build 17.0.6+0-b2043.56-10027231)
# Java VM: OpenJDK 64-Bit Server VM (17.0.6+0-b2043.56-10027231, mixed mode, tiered, compressed oops, compressed class ptrs, g1 gc, windows-amd64)
GC Precious Log:
 CPUs: 4 total, 4 available
 Memory: 8050M
 Large Page Support: Disabled
 NUMA Support: Disabled
 Compressed Oops: Enabled (Zero based)
 Heap Region Size: 2M
 Heap Min Capacity: 8M
 Heap Initial Capacity: 126M
 Heap Max Capacity: 4G
 Pre-touch: Disabled
 Parallel Workers: 4
 Concurrent Workers: 1
 Concurrent Refinement Workers: 4
 Periodic GC: Disabled
Heap:
 garbage-first heap   total 329728K, used 185238K [0x0000000700000000, 0x0000000800000000)
  region size 2048K, 14 young (28672K), 4 survivors (8192K)
 Metaspace       used 98658K, committed 100032K, reserved 1138688K
  class space    used 13688K, committed 14272K, reserved 1048576K
GC Heap History (20 events):
Event: 20.977 GC heap before
{Heap before GC invocations=46 (full 0):
 garbage-first heap   total 172032K, used 136101K [0x0000000700000000, 0x0000000800000000)
  region size 2048K, 23 young (47104K), 3 survivors (6144K)
 Metaspace       used 91935K, committed 92736K, reserved 1130496K
  class space    used 12694K, committed 13056K, reserved 1048576K
}
Event: 20.989 GC heap after
{Heap after GC invocations=47 (full 0):
 garbage-first heap   total 172032K, used 97662K [0x0000000700000000, 0x0000000800000000)
  region size 2048K, 2 young (4096K), 2 survivors (4096K)
 Metaspace       used 91935K, committed 92736K, reserved 1130496K
  class space    used 12694K, committed 13056K, reserved 1048576K
}
Event: 21.799 GC heap before
{Heap before GC invocations=47 (full 0):
 garbage-first heap   total 172032K, used 138622K [0x0000000700000000, 0x0000000800000000)
  region size 2048K, 22 young (45056K), 2 survivors (4096K)
 Metaspace       used 93028K, committed 93888K, reserved 1130496K
  class space    used 12864K, committed 13248K, reserved 1048576K
}
Event: 21.809 GC heap after
{Heap after GC invocations=48 (full 0):
 garbage-first heap   total 206848K, used 102686K [0x0000000700000000, 0x0000000800000000)
  region size 2048K, 3 young (6144K), 3 survivors (6144K)
 Metaspace       used 93028K, committed 93888K, reserved 1130496K
  class space    used 12864K, committed 13248K, reserved 1048576K
}
Event: 23.552 GC heap before
{Heap before GC invocations=49 (full 0):
 garbage-first heap   total 206848K, used 166174K [0x0000000700000000, 0x0000000800000000)
  region size 2048K, 34 young (69632K), 3 survivors (6144K)
 Metaspace       used 95603K, committed 96576K, reserved 1138688K
  class space    used 13275K, committed 13696K, reserved 1048576K
}
Event: 23.568 GC heap after
{Heap after GC invocations=50 (full 0):
 garbage-first heap   total 206848K, used 110833K [0x0000000700000000, 0x0000000800000000)
  region size 2048K, 5 young (10240K), 5 survivors (10240K)
 Metaspace       used 95603K, committed 96576K, reserved 1138688K
  class space    used 13275K, committed 13696K, reserved 1048576K
}
Event: 24.809 GC heap before
{Heap before GC invocations=50 (full 0):
 garbage-first heap   total 206848K, used 162033K [0x0000000700000000, 0x0000000800000000)
  region size 2048K, 31 young (63488K), 5 survivors (10240K)
 Metaspace       used 96234K, committed 97280K, reserved 1138688K
  class space    used 13357K, committed 13824K, reserved 1048576K
}
Event: 24.830 GC heap after
{Heap after GC invocations=51 (full 0):
 garbage-first heap   total 206848K, used 119491K [0x0000000700000000, 0x0000000800000000)
  region size 2048K, 4 young (8192K), 4 survivors (8192K)
 Metaspace       used 96234K, committed 97280K, reserved 1138688K
  class space    used 13357K, committed 13824K, reserved 1048576K
}
Event: 25.207 GC heap before
{Heap before GC invocations=52 (full 0):
 garbage-first heap   total 219136K, used 133827K [0x0000000700000000, 0x0000000800000000)
  region size 2048K, 13 young (26624K), 4 survivors (8192K)
 Metaspace       used 96304K, committed 97408K, reserved 1138688K
  class space    used 13368K, committed 13888K, reserved 1048576K
}
Event: 25.223 GC heap after
{Heap after GC invocations=53 (full 0):
 garbage-first heap   total 219136K, used 126899K [0x0000000700000000, 0x0000000800000000)
  region size 2048K, 4 young (8192K), 4 survivors (8192K)
 Metaspace       used 96304K, committed 97408K, reserved 1138688K
  class space    used 13368K, committed 13888K, reserved 1048576K
}
Event: 26.716 GC heap before
{Heap before GC invocations=54 (full 0):
 garbage-first heap   total 239616K, used 178099K [0x0000000700000000, 0x0000000800000000)
  region size 2048K, 27 young (55296K), 4 survivors (8192K)
 Metaspace       used 96901K, committed 98048K, reserved 1138688K
  class space    used 13441K, committed 13952K, reserved 1048576K
}
Event: 26.728 GC heap after
{Heap after GC invocations=55 (full 0):
 garbage-first heap   total 239616K, used 142395K [0x0000000700000000, 0x0000000800000000)
  region size 2048K, 4 young (8192K), 4 survivors (8192K)
 Metaspace       used 96901K, committed 98048K, reserved 1138688K
  class space    used 13441K, committed 13952K, reserved 1048576K
}
Event: 27.797 GC heap before
{Heap before GC invocations=55 (full 0):
 garbage-first heap   total 239616K, used 187451K [0x0000000700000000, 0x0000000800000000)
  region size 2048K, 26 young (53248K), 4 survivors (8192K)
 Metaspace       used 97320K, committed 98496K, reserved 1138688K
  class space    used 13490K, committed 14016K, reserved 1048576K
}
Event: 27.823 GC heap after
{Heap after GC invocations=56 (full 0):
 garbage-first heap   total 239616K, used 151245K [0x0000000700000000, 0x0000000800000000)
  region size 2048K, 4 young (8192K), 4 survivors (8192K)
 Metaspace       used 97320K, committed 98496K, reserved 1138688K
  class space    used 13490K, committed 14016K, reserved 1048576K
}
Event: 28.754 GC heap before
{Heap before GC invocations=57 (full 0):
 garbage-first heap   total 274432K, used 192205K [0x0000000700000000, 0x0000000800000000)
  region size 2048K, 24 young (49152K), 4 survivors (8192K)
 Metaspace       used 97753K, committed 99008K, reserved 1138688K
  class space    used 13558K, committed 14144K, reserved 1048576K
}
Event: 28.772 GC heap after
{Heap after GC invocations=58 (full 0):
 garbage-first heap   total 274432K, used 157255K [0x0000000700000000, 0x0000000800000000)
  region size 2048K, 3 young (6144K), 3 survivors (6144K)
 Metaspace       used 97753K, committed 99008K, reserved 1138688K
  class space    used 13558K, committed 14144K, reserved 1048576K
}
Event: 29.001 GC heap before
{Heap before GC invocations=58 (full 0):
 garbage-first heap   total 274432K, used 163399K [0x0000000700000000, 0x0000000800000000)
  region size 2048K, 6 young (12288K), 3 survivors (6144K)
 Metaspace       used 97796K, committed 99072K, reserved 1138688K
  class space    used 13558K, committed 14144K, reserved 1048576K
}
Event: 29.012 GC heap after
{Heap after GC invocations=59 (full 0):
 garbage-first heap   total 274432K, used 158601K [0x0000000700000000, 0x0000000800000000)
  region size 2048K, 1 young (2048K), 1 survivors (2048K)
 Metaspace       used 97796K, committed 99072K, reserved 1138688K
  class space    used 13558K, committed 14144K, reserved 1048576K
}
Event: 29.903 GC heap before
{Heap before GC invocations=59 (full 0):
 garbage-first heap   total 274432K, used 213897K [0x0000000700000000, 0x0000000800000000)
  region size 2048K, 28 young (57344K), 1 survivors (2048K)
 Metaspace       used 98508K, committed 99904K, reserved 1138688K
  class space    used 13665K, committed 14272K, reserved 1048576K
}
Event: 29.918 GC heap after
{Heap after GC invocations=60 (full 0):
 garbage-first heap   total 329728K, used 166806K [0x0000000700000000, 0x0000000800000000)
  region size 2048K, 4 young (8192K), 4 survivors (8192K)
 Metaspace       used 98508K, committed 99904K, reserved 1138688K
  class space    used 13665K, committed 14272K, reserved 1048576K
}

