# JRE version: Java(TM) SE Runtime Environment (17.0.12+8) (build 17.0.12+8-LTS-286)
# Java VM: Java HotSpot(TM) 64-Bit Server VM (17.0.12+8-LTS-286, mixed mode, sharing, tiered, compressed oops, compressed class ptrs, g1 gc, windows-amd64)
GC Precious Log:
 CPUs: 4 total, 4 available
 Memory: 8050M
 Large Page Support: Disabled
 NUMA Support: Disabled
 Compressed Oops: Enabled (Zero based)
 Heap Region Size: 2M
 Heap Min Capacity: 8M
 Heap Initial Capacity: 126M
 Heap Max Capacity: 4G
 Pre-touch: Disabled
 Parallel Workers: 4
 Concurrent Workers: 1
 Concurrent Refinement Workers: 4
 Periodic GC: Disabled
Heap:
 garbage-first heap   total 229376K, used 155648K [0x0000000700000000, 0x0000000800000000)
  region size 2048K, 13 young (26624K), 2 survivors (4096K)
 Metaspace       used 92064K, committed 93248K, reserved 1179648K
  class space    used 12825K, committed 13376K, reserved 1048576K
GC Heap History (20 events):
Event: 71.608 GC heap after
{Heap after GC invocations=36 (full 0):
 garbage-first heap   total 178176K, used 79997K [0x0000000700000000, 0x0000000800000000)
  region size 2048K, 4 young (8192K), 4 survivors (8192K)
 Metaspace       used 74335K, committed 75008K, reserved 1114112K
  class space    used 10125K, committed 10432K, reserved 1048576K
}
Event: 73.253 GC heap before
{Heap before GC invocations=36 (full 0):
 garbage-first heap   total 178176K, used 133245K [0x0000000700000000, 0x0000000800000000)
  region size 2048K, 30 young (61440K), 4 survivors (8192K)
 Metaspace       used 78193K, committed 78912K, reserved 1179648K
  class space    used 10700K, committed 11072K, reserved 1048576K
}
Event: 73.263 GC heap after
{Heap after GC invocations=37 (full 0):
 garbage-first heap   total 178176K, used 82654K [0x0000000700000000, 0x0000000800000000)
  region size 2048K, 4 young (8192K), 4 survivors (8192K)
 Metaspace       used 78193K, committed 78912K, reserved 1179648K
  class space    used 10700K, committed 11072K, reserved 1048576K
}
Event: 74.857 GC heap before
{Heap before GC invocations=37 (full 0):
 garbage-first heap   total 178176K, used 135902K [0x0000000700000000, 0x0000000800000000)
  region size 2048K, 30 young (61440K), 4 survivors (8192K)
 Metaspace       used 80213K, committed 81024K, reserved 1179648K
  class space    used 11013K, committed 11392K, reserved 1048576K
}
Event: 74.869 GC heap after
{Heap after GC invocations=38 (full 0):
 garbage-first heap   total 178176K, used 86242K [0x0000000700000000, 0x0000000800000000)
  region size 2048K, 4 young (8192K), 4 survivors (8192K)
 Metaspace       used 80213K, committed 81024K, reserved 1179648K
  class space    used 11013K, committed 11392K, reserved 1048576K
}
Event: 76.315 GC heap before
{Heap before GC invocations=38 (full 0):
 garbage-first heap   total 178176K, used 143586K [0x0000000700000000, 0x0000000800000000)
  region size 2048K, 30 young (61440K), 4 survivors (8192K)
 Metaspace       used 81187K, committed 81984K, reserved 1179648K
  class space    used 11100K, committed 11456K, reserved 1048576K
}
Event: 76.327 GC heap after
{Heap after GC invocations=39 (full 0):
 garbage-first heap   total 178176K, used 95976K [0x0000000700000000, 0x0000000800000000)
  region size 2048K, 4 young (8192K), 4 survivors (8192K)
 Metaspace       used 81187K, committed 81984K, reserved 1179648K
  class space    used 11100K, committed 11456K, reserved 1048576K
}
Event: 78.350 GC heap before
{Heap before GC invocations=39 (full 0):
 garbage-first heap   total 178176K, used 143080K [0x0000000700000000, 0x0000000800000000)
  region size 2048K, 27 young (55296K), 4 survivors (8192K)
 Metaspace       used 83909K, committed 84736K, reserved 1179648K
  class space    used 11540K, committed 11904K, reserved 1048576K
}
Event: 78.362 GC heap after
{Heap after GC invocations=40 (full 0):
 garbage-first heap   total 178176K, used 99001K [0x0000000700000000, 0x0000000800000000)
  region size 2048K, 2 young (4096K), 2 survivors (4096K)
 Metaspace       used 83909K, committed 84736K, reserved 1179648K
  class space    used 11540K, committed 11904K, reserved 1048576K
}
Event: 79.690 GC heap before
{Heap before GC invocations=40 (full 0):
 garbage-first heap   total 178176K, used 142009K [0x0000000700000000, 0x0000000800000000)
  region size 2048K, 23 young (47104K), 2 survivors (4096K)
 Metaspace       used 87609K, committed 88448K, reserved 1179648K
  class space    used 12175K, committed 12544K, reserved 1048576K
}
Event: 79.703 GC heap after
{Heap after GC invocations=41 (full 0):
 garbage-first heap   total 178176K, used 101397K [0x0000000700000000, 0x0000000800000000)
  region size 2048K, 2 young (4096K), 2 survivors (4096K)
 Metaspace       used 87609K, committed 88448K, reserved 1179648K
  class space    used 12175K, committed 12544K, reserved 1048576K
}
Event: 81.011 GC heap before
{Heap before GC invocations=42 (full 0):
 garbage-first heap   total 192512K, used 142357K [0x0000000700000000, 0x0000000800000000)
  region size 2048K, 22 young (45056K), 2 survivors (4096K)
 Metaspace       used 88442K, committed 89344K, reserved 1179648K
  class space    used 12309K, committed 12736K, reserved 1048576K
}
Event: 81.022 GC heap after
{Heap after GC invocations=43 (full 0):
 garbage-first heap   total 192512K, used 106867K [0x0000000700000000, 0x0000000800000000)
  region size 2048K, 3 young (6144K), 3 survivors (6144K)
 Metaspace       used 88442K, committed 89344K, reserved 1179648K
  class space    used 12309K, committed 12736K, reserved 1048576K
}
Event: 82.436 GC heap before
{Heap before GC invocations=43 (full 0):
 garbage-first heap   total 192512K, used 151923K [0x0000000700000000, 0x0000000800000000)
  region size 2048K, 26 young (53248K), 3 survivors (6144K)
 Metaspace       used 90677K, committed 91712K, reserved 1179648K
  class space    used 12654K, committed 13120K, reserved 1048576K
}
Event: 82.451 GC heap after
{Heap after GC invocations=44 (full 0):
 garbage-first heap   total 192512K, used 113218K [0x0000000700000000, 0x0000000800000000)
  region size 2048K, 4 young (8192K), 4 survivors (8192K)
 Metaspace       used 90677K, committed 91712K, reserved 1179648K
  class space    used 12654K, committed 13120K, reserved 1048576K
}
Event: 85.398 GC heap before
{Heap before GC invocations=44 (full 0):
 garbage-first heap   total 192512K, used 154178K [0x0000000700000000, 0x0000000800000000)
  region size 2048K, 24 young (49152K), 4 survivors (8192K)
 Metaspace       used 91185K, committed 92288K, reserved 1179648K
  class space    used 12726K, committed 13248K, reserved 1048576K
}
Event: 85.423 GC heap after
{Heap after GC invocations=45 (full 0):
 garbage-first heap   total 192512K, used 120083K [0x0000000700000000, 0x0000000800000000)
  region size 2048K, 3 young (6144K), 3 survivors (6144K)
 Metaspace       used 91185K, committed 92288K, reserved 1179648K
  class space    used 12726K, committed 13248K, reserved 1048576K
}
Event: 87.266 GC heap before
{Heap before GC invocations=45 (full 0):
 garbage-first heap   total 192512K, used 161043K [0x0000000700000000, 0x0000000800000000)
  region size 2048K, 20 young (40960K), 3 survivors (6144K)
 Metaspace       used 91798K, committed 92928K, reserved 1179648K
  class space    used 12800K, committed 13312K, reserved 1048576K
}
Event: 87.293 GC heap after
{Heap after GC invocations=46 (full 0):
 garbage-first heap   total 192512K, used 133120K [0x0000000700000000, 0x0000000800000000)
  region size 2048K, 3 young (6144K), 3 survivors (6144K)
 Metaspace       used 91798K, committed 92928K, reserved 1179648K
  class space    used 12800K, committed 13312K, reserved 1048576K
}
Event: 88.727 GC heap before
{Heap before GC invocations=47 (full 0):
 garbage-first heap   total 229376K, used 155648K [0x0000000700000000, 0x0000000800000000)
  region size 2048K, 14 young (28672K), 3 survivors (6144K)
 Metaspace       used 92064K, committed 93248K, reserved 1179648K
  class space    used 12825K, committed 13376K, reserved 1048576K
}

