# JRE version: Java(TM) SE Runtime Environment (17.0.12+8) (build 17.0.12+8-LTS-286)
# Java VM: Java HotSpot(TM) 64-Bit Server VM (17.0.12+8-LTS-286, mixed mode, sharing, tiered, compressed oops, compressed class ptrs, g1 gc, windows-amd64)
GC Precious Log:
 CPUs: 4 total, 4 available
 Memory: 8050M
 Large Page Support: Disabled
 NUMA Support: Disabled
 Compressed Oops: Enabled (Zero based)
 Heap Region Size: 2M
 Heap Min Capacity: 8M
 Heap Initial Capacity: 126M
 Heap Max Capacity: 4G
 Pre-touch: Disabled
 Parallel Workers: 4
 Concurrent Workers: 1
 Concurrent Refinement Workers: 4
 Periodic GC: Disabled
Heap:
 garbage-first heap   total 368640K, used 268724K [0x0000000700000000, 0x0000000800000000)
  region size 2048K, 64 young (131072K), 8 survivors (16384K)
 Metaspace       used 86021K, committed 87424K, reserved 1179648K
  class space    used 12095K, committed 12736K, reserved 1048576K
GC Heap History (20 events):
Event: 17.416 GC heap after
{Heap after GC invocations=23 (full 0):
 garbage-first heap   total 182272K, used 81120K [0x0000000700000000, 0x0000000800000000)
  region size 2048K, 3 young (6144K), 3 survivors (6144K)
 Metaspace       used 67014K, committed 67712K, reserved 1114112K
  class space    used 9211K, committed 9536K, reserved 1048576K
}
Event: 18.828 GC heap before
{Heap before GC invocations=24 (full 0):
 garbage-first heap   total 182272K, used 140512K [0x0000000700000000, 0x0000000800000000)
  region size 2048K, 32 young (65536K), 3 survivors (6144K)
 Metaspace       used 71559K, committed 72320K, reserved 1114112K
  class space    used 9884K, committed 10240K, reserved 1048576K
}
Event: 18.838 GC heap after
{Heap after GC invocations=25 (full 0):
 garbage-first heap   total 182272K, used 84708K [0x0000000700000000, 0x0000000800000000)
  region size 2048K, 3 young (6144K), 3 survivors (6144K)
 Metaspace       used 71559K, committed 72320K, reserved 1114112K
  class space    used 9884K, committed 10240K, reserved 1048576K
}
Event: 19.588 GC heap before
{Heap before GC invocations=25 (full 0):
 garbage-first heap   total 182272K, used 137956K [0x0000000700000000, 0x0000000800000000)
  region size 2048K, 30 young (61440K), 3 survivors (6144K)
 Metaspace       used 72653K, committed 73344K, reserved 1114112K
  class space    used 10039K, committed 10368K, reserved 1048576K
}
Event: 19.598 GC heap after
{Heap after GC invocations=26 (full 0):
 garbage-first heap   total 182272K, used 89493K [0x0000000700000000, 0x0000000800000000)
  region size 2048K, 4 young (8192K), 4 survivors (8192K)
 Metaspace       used 72653K, committed 73344K, reserved 1114112K
  class space    used 10039K, committed 10368K, reserved 1048576K
}
Event: 20.191 GC heap before
{Heap before GC invocations=26 (full 0):
 garbage-first heap   total 182272K, used 146837K [0x0000000700000000, 0x0000000800000000)
  region size 2048K, 31 young (63488K), 4 survivors (8192K)
 Metaspace       used 73577K, committed 74368K, reserved 1114112K
  class space    used 10150K, committed 10496K, reserved 1048576K
}
Event: 20.204 GC heap after
{Heap after GC invocations=27 (full 0):
 garbage-first heap   total 182272K, used 98580K [0x0000000700000000, 0x0000000800000000)
  region size 2048K, 3 young (6144K), 3 survivors (6144K)
 Metaspace       used 73577K, committed 74368K, reserved 1114112K
  class space    used 10150K, committed 10496K, reserved 1048576K
}
Event: 21.209 GC heap before
{Heap before GC invocations=27 (full 0):
 garbage-first heap   total 182272K, used 147732K [0x0000000700000000, 0x0000000800000000)
  region size 2048K, 27 young (55296K), 3 survivors (6144K)
 Metaspace       used 78336K, committed 79168K, reserved 1179648K
  class space    used 10978K, committed 11328K, reserved 1048576K
}
Event: 21.223 GC heap after
{Heap after GC invocations=28 (full 0):
 garbage-first heap   total 182272K, used 101741K [0x0000000700000000, 0x0000000800000000)
  region size 2048K, 2 young (4096K), 2 survivors (4096K)
 Metaspace       used 78336K, committed 79168K, reserved 1179648K
  class space    used 10978K, committed 11328K, reserved 1048576K
}
Event: 22.034 GC heap before
{Heap before GC invocations=29 (full 0):
 garbage-first heap   total 184320K, used 148845K [0x0000000700000000, 0x0000000800000000)
  region size 2048K, 25 young (51200K), 2 survivors (4096K)
 Metaspace       used 80307K, committed 81088K, reserved 1179648K
  class space    used 11265K, committed 11584K, reserved 1048576K
}
Event: 22.044 GC heap after
{Heap after GC invocations=30 (full 0):
 garbage-first heap   total 184320K, used 105926K [0x0000000700000000, 0x0000000800000000)
  region size 2048K, 4 young (8192K), 4 survivors (8192K)
 Metaspace       used 80307K, committed 81088K, reserved 1179648K
  class space    used 11265K, committed 11584K, reserved 1048576K
}
Event: 22.069 GC heap before
{Heap before GC invocations=30 (full 0):
 garbage-first heap   total 184320K, used 107974K [0x0000000700000000, 0x0000000800000000)
  region size 2048K, 5 young (10240K), 4 survivors (8192K)
 Metaspace       used 80319K, committed 81088K, reserved 1179648K
  class space    used 11267K, committed 11584K, reserved 1048576K
}
Event: 22.080 GC heap after
{Heap after GC invocations=31 (full 0):
 garbage-first heap   total 184320K, used 106098K [0x0000000700000000, 0x0000000800000000)
  region size 2048K, 1 young (2048K), 1 survivors (2048K)
 Metaspace       used 80319K, committed 81088K, reserved 1179648K
  class space    used 11267K, committed 11584K, reserved 1048576K
}
Event: 22.906 GC heap before
{Heap before GC invocations=31 (full 0):
 garbage-first heap   total 184320K, used 151154K [0x0000000700000000, 0x0000000800000000)
  region size 2048K, 23 young (47104K), 1 survivors (2048K)
 Metaspace       used 82203K, committed 83136K, reserved 1179648K
  class space    used 11516K, committed 11968K, reserved 1048576K
}
Event: 22.917 GC heap after
{Heap after GC invocations=32 (full 0):
 garbage-first heap   total 368640K, used 110560K [0x0000000700000000, 0x0000000800000000)
  region size 2048K, 3 young (6144K), 3 survivors (6144K)
 Metaspace       used 82203K, committed 83136K, reserved 1179648K
  class space    used 11516K, committed 11968K, reserved 1048576K
}
Event: 26.565 GC heap before
{Heap before GC invocations=33 (full 0):
 garbage-first heap   total 368640K, used 282592K [0x0000000700000000, 0x0000000800000000)
  region size 2048K, 84 young (172032K), 3 survivors (6144K)
 Metaspace       used 84596K, committed 85760K, reserved 1179648K
  class space    used 11885K, committed 12416K, reserved 1048576K
}
Event: 26.605 GC heap after
{Heap after GC invocations=34 (full 0):
 garbage-first heap   total 368640K, used 146626K [0x0000000700000000, 0x0000000800000000)
  region size 2048K, 11 young (22528K), 11 survivors (22528K)
 Metaspace       used 84596K, committed 85760K, reserved 1179648K
  class space    used 11885K, committed 12416K, reserved 1048576K
}
Event: 26.637 GC heap before
{Heap before GC invocations=34 (full 0):
 garbage-first heap   total 368640K, used 148674K [0x0000000700000000, 0x0000000800000000)
  region size 2048K, 12 young (24576K), 11 survivors (22528K)
 Metaspace       used 84607K, committed 85760K, reserved 1179648K
  class space    used 11885K, committed 12416K, reserved 1048576K
}
Event: 26.661 GC heap after
{Heap after GC invocations=35 (full 0):
 garbage-first heap   total 368640K, used 147892K [0x0000000700000000, 0x0000000800000000)
  region size 2048K, 2 young (4096K), 2 survivors (4096K)
 Metaspace       used 84607K, committed 85760K, reserved 1179648K
  class space    used 11885K, committed 12416K, reserved 1048576K
}
Event: 28.557 GC heap before
{Heap before GC invocations=35 (full 0):
 garbage-first heap   total 368640K, used 268724K [0x0000000700000000, 0x0000000800000000)
  region size 2048K, 58 young (118784K), 2 survivors (4096K)
 Metaspace       used 86021K, committed 87424K, reserved 1179648K
  class space    used 12095K, committed 12736K, reserved 1048576K
}

