# JRE version: OpenJDK Runtime Environment (17.0.6) (build 17.0.6+0-b2043.56-10027231)
# Java VM: OpenJDK 64-Bit Server VM (17.0.6+0-b2043.56-10027231, mixed mode, tiered, compressed oops, compressed class ptrs, g1 gc, windows-amd64)
GC Precious Log:
 CPUs: 4 total, 4 available
 Memory: 8050M
 Large Page Support: Disabled
 NUMA Support: Disabled
 Compressed Oops: Enabled (Zero based)
 Heap Region Size: 2M
 Heap Min Capacity: 8M
 Heap Initial Capacity: 126M
 Heap Max Capacity: 4G
 Pre-touch: Disabled
 Parallel Workers: 4
 Concurrent Workers: 1
 Concurrent Refinement Workers: 4
 Periodic GC: Disabled
Heap:
 garbage-first heap   total 92160K, used 68939K [0x0000000700000000, 0x0000000800000000)
  region size 2048K, 19 young (38912K), 2 survivors (4096K)
 Metaspace       used 56630K, committed 57088K, reserved 1105920K
  class space    used 7636K, committed 7808K, reserved 1048576K
GC Heap History (20 events):
Event: 1.937 GC heap after
{Heap after GC invocations=3 (full 0):
 garbage-first heap   total 129024K, used 10984K [0x0000000700000000, 0x0000000800000000)
  region size 2048K, 2 young (4096K), 2 survivors (4096K)
 Metaspace       used 11195K, committed 11392K, reserved 1064960K
  class space    used 1161K, committed 1280K, reserved 1048576K
}
Event: 4.066 GC heap before
{Heap before GC invocations=3 (full 0):
 garbage-first heap   total 129024K, used 62184K [0x0000000700000000, 0x0000000800000000)
  region size 2048K, 28 young (57344K), 2 survivors (4096K)
 Metaspace       used 21292K, committed 21504K, reserved 1073152K
  class space    used 2590K, committed 2688K, reserved 1048576K
}
Event: 4.074 GC heap after
{Heap after GC invocations=4 (full 0):
 garbage-first heap   total 129024K, used 18684K [0x0000000700000000, 0x0000000800000000)
  region size 2048K, 5 young (10240K), 5 survivors (10240K)
 Metaspace       used 21292K, committed 21504K, reserved 1073152K
  class space    used 2590K, committed 2688K, reserved 1048576K
}
Event: 4.943 GC heap before
{Heap before GC invocations=5 (full 0):
 garbage-first heap   total 75776K, used 53500K [0x0000000700000000, 0x0000000800000000)
  region size 2048K, 22 young (45056K), 5 survivors (10240K)
 Metaspace       used 26966K, committed 27264K, reserved 1073152K
  class space    used 3567K, committed 3712K, reserved 1048576K
}
Event: 4.955 GC heap after
{Heap after GC invocations=6 (full 0):
 garbage-first heap   total 75776K, used 21012K [0x0000000700000000, 0x0000000800000000)
  region size 2048K, 2 young (4096K), 2 survivors (4096K)
 Metaspace       used 26966K, committed 27264K, reserved 1073152K
  class space    used 3567K, committed 3712K, reserved 1048576K
}
Event: 5.739 GC heap before
{Heap before GC invocations=6 (full 0):
 garbage-first heap   total 75776K, used 51732K [0x0000000700000000, 0x0000000800000000)
  region size 2048K, 17 young (34816K), 2 survivors (4096K)
 Metaspace       used 31396K, committed 31680K, reserved 1081344K
  class space    used 4289K, committed 4416K, reserved 1048576K
}
Event: 5.745 GC heap after
{Heap after GC invocations=7 (full 0):
 garbage-first heap   total 75776K, used 22106K [0x0000000700000000, 0x0000000800000000)
  region size 2048K, 2 young (4096K), 2 survivors (4096K)
 Metaspace       used 31396K, committed 31680K, reserved 1081344K
  class space    used 4289K, committed 4416K, reserved 1048576K
}
Event: 6.323 GC heap before
{Heap before GC invocations=7 (full 0):
 garbage-first heap   total 75776K, used 40538K [0x0000000700000000, 0x0000000800000000)
  region size 2048K, 12 young (24576K), 2 survivors (4096K)
 Metaspace       used 35640K, committed 35968K, reserved 1081344K
  class space    used 4751K, committed 4928K, reserved 1048576K
}
Event: 6.330 GC heap after
{Heap after GC invocations=8 (full 0):
 garbage-first heap   total 75776K, used 24251K [0x0000000700000000, 0x0000000800000000)
  region size 2048K, 2 young (4096K), 2 survivors (4096K)
 Metaspace       used 35640K, committed 35968K, reserved 1081344K
  class space    used 4751K, committed 4928K, reserved 1048576K
}
Event: 7.080 GC heap before
{Heap before GC invocations=9 (full 0):
 garbage-first heap   total 75776K, used 54971K [0x0000000700000000, 0x0000000800000000)
  region size 2048K, 17 young (34816K), 2 survivors (4096K)
 Metaspace       used 40015K, committed 40384K, reserved 1089536K
  class space    used 5281K, committed 5440K, reserved 1048576K
}
Event: 7.088 GC heap after
{Heap after GC invocations=10 (full 0):
 garbage-first heap   total 75776K, used 27791K [0x0000000700000000, 0x0000000800000000)
  region size 2048K, 3 young (6144K), 3 survivors (6144K)
 Metaspace       used 40015K, committed 40384K, reserved 1089536K
  class space    used 5281K, committed 5440K, reserved 1048576K
}
Event: 7.609 GC heap before
{Heap before GC invocations=10 (full 0):
 garbage-first heap   total 75776K, used 56463K [0x0000000700000000, 0x0000000800000000)
  region size 2048K, 17 young (34816K), 3 survivors (6144K)
 Metaspace       used 41866K, committed 42176K, reserved 1089536K
  class space    used 5450K, committed 5568K, reserved 1048576K
}
Event: 7.617 GC heap after
{Heap after GC invocations=11 (full 0):
 garbage-first heap   total 75776K, used 29563K [0x0000000700000000, 0x0000000800000000)
  region size 2048K, 2 young (4096K), 2 survivors (4096K)
 Metaspace       used 41866K, committed 42176K, reserved 1089536K
  class space    used 5450K, committed 5568K, reserved 1048576K
}
Event: 8.110 GC heap before
{Heap before GC invocations=11 (full 0):
 garbage-first heap   total 75776K, used 54139K [0x0000000700000000, 0x0000000800000000)
  region size 2048K, 15 young (30720K), 2 survivors (4096K)
 Metaspace       used 43680K, committed 44096K, reserved 1089536K
  class space    used 5741K, committed 5888K, reserved 1048576K
}
Event: 8.116 GC heap after
{Heap after GC invocations=12 (full 0):
 garbage-first heap   total 75776K, used 31179K [0x0000000700000000, 0x0000000800000000)
  region size 2048K, 1 young (2048K), 1 survivors (2048K)
 Metaspace       used 43680K, committed 44096K, reserved 1089536K
  class space    used 5741K, committed 5888K, reserved 1048576K
}
Event: 8.705 GC heap before
{Heap before GC invocations=12 (full 0):
 garbage-first heap   total 75776K, used 55755K [0x0000000700000000, 0x0000000800000000)
  region size 2048K, 13 young (26624K), 1 survivors (2048K)
 Metaspace       used 47171K, committed 47616K, reserved 1097728K
  class space    used 6244K, committed 6464K, reserved 1048576K
}
Event: 8.709 GC heap after
{Heap after GC invocations=13 (full 0):
 garbage-first heap   total 92160K, used 32208K [0x0000000700000000, 0x0000000800000000)
  region size 2048K, 2 young (4096K), 2 survivors (4096K)
 Metaspace       used 47171K, committed 47616K, reserved 1097728K
  class space    used 6244K, committed 6464K, reserved 1048576K
}
Event: 9.657 GC heap before
{Heap before GC invocations=13 (full 0):
 garbage-first heap   total 92160K, used 67024K [0x0000000700000000, 0x0000000800000000)
  region size 2048K, 19 young (38912K), 2 survivors (4096K)
 Metaspace       used 52111K, committed 52608K, reserved 1097728K
  class space    used 7012K, committed 7232K, reserved 1048576K
}
Event: 9.664 GC heap after
{Heap after GC invocations=14 (full 0):
 garbage-first heap   total 92160K, used 34123K [0x0000000700000000, 0x0000000800000000)
  region size 2048K, 3 young (6144K), 3 survivors (6144K)
 Metaspace       used 52111K, committed 52608K, reserved 1097728K
  class space    used 7012K, committed 7232K, reserved 1048576K
}
Event: 10.347 GC heap before
{Heap before GC invocations=14 (full 0):
 garbage-first heap   total 92160K, used 66891K [0x0000000700000000, 0x0000000800000000)
  region size 2048K, 20 young (40960K), 3 survivors (6144K)
 Metaspace       used 56630K, committed 57088K, reserved 1105920K
  class space    used 7636K, committed 7808K, reserved 1048576K
}

