# JRE version: OpenJDK Runtime Environment (17.0.6) (build 17.0.6+0-b2043.56-10027231)
# Java VM: OpenJDK 64-Bit Server VM (17.0.6+0-b2043.56-10027231, mixed mode, tiered, compressed oops, compressed class ptrs, g1 gc, windows-amd64)
GC Precious Log:
 CPUs: 4 total, 4 available
 Memory: 8050M
 Large Page Support: Disabled
 NUMA Support: Disabled
 Compressed Oops: Enabled (Zero based)
 Heap Region Size: 2M
 Heap Min Capacity: 8M
 Heap Initial Capacity: 126M
 Heap Max Capacity: 4G
 Pre-touch: Disabled
 Parallel Workers: 4
 Concurrent Workers: 1
 Concurrent Refinement Workers: 4
 Periodic GC: Disabled
Heap:
 garbage-first heap   total 172032K, used 129833K [0x0000000700000000, 0x0000000800000000)
  region size 2048K, 26 young (53248K), 3 survivors (6144K)
 Metaspace       used 84078K, committed 84736K, reserved 1122304K
  class space    used 11435K, committed 11712K, reserved 1048576K
GC Heap History (20 events):
Event: 20.886 GC heap after
{Heap after GC invocations=20 (full 0):
 garbage-first heap   total 96256K, used 43408K [0x0000000700000000, 0x0000000800000000)
  region size 2048K, 3 young (6144K), 3 survivors (6144K)
 Metaspace       used 65129K, committed 65664K, reserved 1114112K
  class space    used 8949K, committed 9216K, reserved 1048576K
}
Event: 21.077 GC heap before
{Heap before GC invocations=20 (full 0):
 garbage-first heap   total 96256K, used 49552K [0x0000000700000000, 0x0000000800000000)
  region size 2048K, 7 young (14336K), 3 survivors (6144K)
 Metaspace       used 65174K, committed 65728K, reserved 1114112K
  class space    used 8954K, committed 9216K, reserved 1048576K
}
Event: 21.084 GC heap after
{Heap after GC invocations=21 (full 0):
 garbage-first heap   total 96256K, used 51128K [0x0000000700000000, 0x0000000800000000)
  region size 2048K, 3 young (6144K), 3 survivors (6144K)
 Metaspace       used 65174K, committed 65728K, reserved 1114112K
  class space    used 8954K, committed 9216K, reserved 1048576K
}
Event: 21.679 GC heap before
{Heap before GC invocations=22 (full 0):
 garbage-first heap   total 102400K, used 73656K [0x0000000700000000, 0x0000000800000000)
  region size 2048K, 12 young (24576K), 3 survivors (6144K)
 Metaspace       used 65790K, committed 66368K, reserved 1114112K
  class space    used 9033K, committed 9280K, reserved 1048576K
}
Event: 21.684 GC heap after
{Heap after GC invocations=23 (full 0):
 garbage-first heap   total 102400K, used 61378K [0x0000000700000000, 0x0000000800000000)
  region size 2048K, 2 young (4096K), 2 survivors (4096K)
 Metaspace       used 65790K, committed 66368K, reserved 1114112K
  class space    used 9033K, committed 9280K, reserved 1048576K
}
Event: 22.274 GC heap before
{Heap before GC invocations=23 (full 0):
 garbage-first heap   total 102400K, used 75714K [0x0000000700000000, 0x0000000800000000)
  region size 2048K, 9 young (18432K), 2 survivors (4096K)
 Metaspace       used 66163K, committed 66816K, reserved 1114112K
  class space    used 9042K, committed 9344K, reserved 1048576K
}
Event: 22.281 GC heap after
{Heap after GC invocations=24 (full 0):
 garbage-first heap   total 102400K, used 63290K [0x0000000700000000, 0x0000000800000000)
  region size 2048K, 1 young (2048K), 1 survivors (2048K)
 Metaspace       used 66163K, committed 66816K, reserved 1114112K
  class space    used 9042K, committed 9344K, reserved 1048576K
}
Event: 22.840 GC heap before
{Heap before GC invocations=25 (full 0):
 garbage-first heap   total 122880K, used 75578K [0x0000000700000000, 0x0000000800000000)
  region size 2048K, 8 young (16384K), 1 survivors (2048K)
 Metaspace       used 66390K, committed 67008K, reserved 1114112K
  class space    used 9074K, committed 9344K, reserved 1048576K
}
Event: 22.847 GC heap after
{Heap after GC invocations=26 (full 0):
 garbage-first heap   total 122880K, used 68852K [0x0000000700000000, 0x0000000800000000)
  region size 2048K, 1 young (2048K), 1 survivors (2048K)
 Metaspace       used 66390K, committed 67008K, reserved 1114112K
  class space    used 9074K, committed 9344K, reserved 1048576K
}
Event: 23.318 GC heap before
{Heap before GC invocations=26 (full 0):
 garbage-first heap   total 122880K, used 89332K [0x0000000700000000, 0x0000000800000000)
  region size 2048K, 11 young (22528K), 1 survivors (2048K)
 Metaspace       used 68863K, committed 69440K, reserved 1114112K
  class space    used 9409K, committed 9664K, reserved 1048576K
}
Event: 23.323 GC heap after
{Heap after GC invocations=27 (full 0):
 garbage-first heap   total 122880K, used 69534K [0x0000000700000000, 0x0000000800000000)
  region size 2048K, 2 young (4096K), 2 survivors (4096K)
 Metaspace       used 68863K, committed 69440K, reserved 1114112K
  class space    used 9409K, committed 9664K, reserved 1048576K
}
Event: 24.046 GC heap before
{Heap before GC invocations=28 (full 0):
 garbage-first heap   total 131072K, used 90014K [0x0000000700000000, 0x0000000800000000)
  region size 2048K, 13 young (26624K), 2 survivors (4096K)
 Metaspace       used 72360K, committed 73024K, reserved 1114112K
  class space    used 9817K, committed 10112K, reserved 1048576K
}
Event: 24.050 GC heap after
{Heap after GC invocations=29 (full 0):
 garbage-first heap   total 131072K, used 70597K [0x0000000700000000, 0x0000000800000000)
  region size 2048K, 1 young (2048K), 1 survivors (2048K)
 Metaspace       used 72360K, committed 73024K, reserved 1114112K
  class space    used 9817K, committed 10112K, reserved 1048576K
}
Event: 24.564 GC heap before
{Heap before GC invocations=29 (full 0):
 garbage-first heap   total 131072K, used 97221K [0x0000000700000000, 0x0000000800000000)
  region size 2048K, 15 young (30720K), 1 survivors (2048K)
 Metaspace       used 74855K, committed 75520K, reserved 1114112K
  class space    used 10108K, committed 10432K, reserved 1048576K
}
Event: 24.571 GC heap after
{Heap after GC invocations=30 (full 0):
 garbage-first heap   total 131072K, used 78110K [0x0000000700000000, 0x0000000800000000)
  region size 2048K, 2 young (4096K), 2 survivors (4096K)
 Metaspace       used 74855K, committed 75520K, reserved 1114112K
  class space    used 10108K, committed 10432K, reserved 1048576K
}
Event: 25.212 GC heap before
{Heap before GC invocations=31 (full 0):
 garbage-first heap   total 143360K, used 98590K [0x0000000700000000, 0x0000000800000000)
  region size 2048K, 12 young (24576K), 2 survivors (4096K)
 Metaspace       used 76749K, committed 77376K, reserved 1122304K
  class space    used 10369K, committed 10688K, reserved 1048576K
}
Event: 25.218 GC heap after
{Heap after GC invocations=32 (full 0):
 garbage-first heap   total 172032K, used 79539K [0x0000000700000000, 0x0000000800000000)
  region size 2048K, 1 young (2048K), 1 survivors (2048K)
 Metaspace       used 76749K, committed 77376K, reserved 1122304K
  class space    used 10369K, committed 10688K, reserved 1048576K
}
Event: 26.379 GC heap before
{Heap before GC invocations=32 (full 0):
 garbage-first heap   total 172032K, used 124595K [0x0000000700000000, 0x0000000800000000)
  region size 2048K, 24 young (49152K), 1 survivors (2048K)
 Metaspace       used 79573K, committed 80320K, reserved 1122304K
  class space    used 10753K, committed 11072K, reserved 1048576K
}
Event: 26.386 GC heap after
{Heap after GC invocations=33 (full 0):
 garbage-first heap   total 172032K, used 82729K [0x0000000700000000, 0x0000000800000000)
  region size 2048K, 3 young (6144K), 3 survivors (6144K)
 Metaspace       used 79573K, committed 80320K, reserved 1122304K
  class space    used 10753K, committed 11072K, reserved 1048576K
}
Event: 27.572 GC heap before
{Heap before GC invocations=34 (full 0):
 garbage-first heap   total 172032K, used 129833K [0x0000000700000000, 0x0000000800000000)
  region size 2048K, 26 young (53248K), 3 survivors (6144K)
 Metaspace       used 84078K, committed 84736K, reserved 1122304K
  class space    used 11435K, committed 11712K, reserved 1048576K
}

